Unity Editor version:    2022.3.62f2 (7670c08855a9)
Branch:                  2022.3/respin/2022.3.62f2-4af31df585-v2
Build type:              Release
Batch mode:              YES
macOS version:           Version 15.5 (Build 24F74)
Darwin version:          24.5.0
Architecture:            arm64
Running under Rosetta:   NO
Available memory:        18432 MB
Using pre-set license
Pro License: YES

COMMAND LINE ARGUMENTS:
/Applications/Unity/Hub/Editor/2022.3.62f2/Unity.app/Contents/MacOS/Unity
-adb2
-batchMode
-noUpm
-name
AssetImportWorker1
-projectPath
/Users/isabellabonilla/UnityProjects/ASTRALIS VR
-logFile
Logs/AssetImportWorker1.log
-srvPort
51769
Successfully changed project path to: /Users/isabellabonilla/UnityProjects/ASTRALIS VR
/Users/isabellabonilla/UnityProjects/ASTRALIS VR
[UnityMemory] Configuration Parameters - Can be set up in boot.config
    "memorysetup-bucket-allocator-granularity=16"
    "memorysetup-bucket-allocator-bucket-count=8"
    "memorysetup-bucket-allocator-block-size=33554432"
    "memorysetup-bucket-allocator-block-count=8"
    "memorysetup-main-allocator-block-size=16777216"
    "memorysetup-thread-allocator-block-size=16777216"
    "memorysetup-gfx-main-allocator-block-size=16777216"
    "memorysetup-gfx-thread-allocator-block-size=16777216"
    "memorysetup-cache-allocator-block-size=4194304"
    "memorysetup-typetree-allocator-block-size=2097152"
    "memorysetup-profiler-bucket-allocator-granularity=16"
    "memorysetup-profiler-bucket-allocator-bucket-count=8"
    "memorysetup-profiler-bucket-allocator-block-size=33554432"
    "memorysetup-profiler-bucket-allocator-block-count=8"
    "memorysetup-profiler-allocator-block-size=16777216"
    "memorysetup-profiler-editor-allocator-block-size=1048576"
    "memorysetup-temp-allocator-size-main=16777216"
    "memorysetup-job-temp-allocator-block-size=2097152"
    "memorysetup-job-temp-allocator-block-size-background=1048576"
    "memorysetup-job-temp-allocator-reduction-small-platforms=262144"
    "memorysetup-allocator-temp-initial-block-size-main=262144"
    "memorysetup-allocator-temp-initial-block-size-worker=262144"
    "memorysetup-temp-allocator-size-background-worker=32768"
    "memorysetup-temp-allocator-size-job-worker=262144"
    "memorysetup-temp-allocator-size-preload-manager=33554432"
    "memorysetup-temp-allocator-size-nav-mesh-worker=65536"
    "memorysetup-temp-allocator-size-audio-worker=65536"
    "memorysetup-temp-allocator-size-cloud-worker=32768"
    "memorysetup-temp-allocator-size-gi-baking-worker=262144"
    "memorysetup-temp-allocator-size-gfx=262144"
Player connection [8568233728]  Target information:

Player connection [8568233728]  * "[IP] 100.70.96.190 [Port] 0 [Flags] 2 [Guid] 2895720860 [EditorId] 2895720860 [Version] 1048832 [Id] OSXEditor(0,MacBook-Pro-2.local) [Debug] 1 [PackageName] OSXEditor [ProjectName] Editor" 

Player connection [8568233728] Host joined multi-casting on [225.0.0.222:54997]...
Player connection [8568233728] Host joined alternative multi-casting on [225.0.0.222:34997]...
Input System module state changed to: Initialized.
[PhysX] Initialized MultithreadedTaskDispatcher with 11 workers.
Refreshing native plugins compatible for Editor in 10.67 ms, found 10 plugins.
Preloading 1 native plugins for Editor in 2.91 ms.
Initialize engine version: 2022.3.62f2 (7670c08855a9)
[Subsystems] Discovering subsystems at path /Applications/Unity/Hub/Editor/2022.3.62f2/Unity.app/Contents/Resources/UnitySubsystems
[Subsystems] Discovering subsystems at path /Users/isabellabonilla/UnityProjects/ASTRALIS VR/Assets
GfxDevice: creating device client; threaded=0; jobified=0
 preferred device: Apple M3 Pro (high power)
Metal devices available: 1
0: Apple M3 Pro (high power)
Using device Apple M3 Pro (high power)
Initializing Metal device caps: Apple M3 Pro
Initialize mono
Mono path[0] = '/Applications/Unity/Hub/Editor/2022.3.62f2/Unity.app/Contents/Managed'
Mono path[1] = '/Applications/Unity/Hub/Editor/2022.3.62f2/Unity.app/Contents/MonoBleedingEdge/lib/mono/unityjit-macos'
Mono config path = '/Applications/Unity/Hub/Editor/2022.3.62f2/Unity.app/Contents/MonoBleedingEdge/etc'
Using monoOptions --debugger-agent=transport=dt_socket,embedding=1,server=y,suspend=n,address=127.0.0.1:56805
Begin MonoManager ReloadAssembly
Registering precompiled unity dll's ...
Register platform support module: /Applications/Unity/Hub/Editor/2022.3.62f2/Unity.app/Contents/PlaybackEngines/MacStandaloneSupport/UnityEditor.OSXStandalone.Extensions.dll
Register platform support module: /Applications/Unity/Hub/Editor/2022.3.62f2/PlaybackEngines/AndroidPlayer/UnityEditor.Android.Extensions.dll
Register platform support module: /Applications/Unity/Hub/Editor/2022.3.62f2/PlaybackEngines/WindowsStandaloneSupport/UnityEditor.WindowsStandalone.Extensions.dll
Registered in 0.003440 seconds.
- Loaded All Assemblies, in  0.172 seconds
Native extension for WindowsStandalone target not found
Native extension for Android target not found
Android Extension - Scanning For ADB Devices 62 ms
Native extension for OSXStandalone target not found
Mono: successfully reloaded assembly
- Finished resetting the current domain, in  0.204 seconds
Domain Reload Profiling: 376ms
	BeginReloadAssembly (37ms)
		ExecutionOrderSort (0ms)
		DisableScriptedObjects (0ms)
		BackupInstance (0ms)
		ReleaseScriptingObjects (0ms)
		CreateAndSetChildDomain (0ms)
	RebuildCommonClasses (19ms)
	RebuildNativeTypeToScriptingClass (7ms)
	initialDomainReloadingComplete (26ms)
	LoadAllAssembliesAndSetupDomain (84ms)
		LoadAssemblies (38ms)
		RebuildTransferFunctionScriptingTraits (0ms)
		AnalyzeDomain (82ms)
			TypeCache.Refresh (81ms)
				TypeCache.ScanAssembly (73ms)
			ScanForSourceGeneratedMonoScriptInfo (0ms)
			ResolveRequiredComponents (0ms)
	FinalizeReload (204ms)
		ReleaseScriptCaches (0ms)
		RebuildScriptCaches (0ms)
		SetupLoadedEditorAssemblies (179ms)
			LogAssemblyErrors (0ms)
			InitializePlatformSupportModulesInManaged (103ms)
			SetLoadedEditorAssemblies (3ms)
			RefreshPlugins (0ms)
			BeforeProcessingInitializeOnLoad (1ms)
			ProcessInitializeOnLoadAttributes (52ms)
			ProcessInitializeOnLoadMethodAttributes (20ms)
			AfterProcessingInitializeOnLoad (0ms)
			EditorAssembliesLoaded (0ms)
		ExecutionOrderSort2 (0ms)
		AwakeInstancesAfterBackupRestoration (0ms)
========================================================================
Worker process is ready to serve import requests
Caller must complete domain reload
Begin MonoManager ReloadAssembly
- Loaded All Assemblies, in  0.480 seconds
Native extension for WindowsStandalone target not found
Native extension for Android target not found
Native extension for OSXStandalone target not found
Package Manager log level set to [2]
[Package Manager] Server::EnsureServerProcessIsRunning -- launch failed, reason: Unity was launched with the -noUpm command-line argument
[Package Manager] UpmClient::Send -- Unable to send message (not connected to UPM process).
[Package Manager] Cannot connect to Unity Package Manager local server
Mono: successfully reloaded assembly
[Package Manager] Server::EnsureServerProcessIsRunning -- launch failed, reason: Unity was launched with the -noUpm command-line argument
[Package Manager] UpmClient::Send -- Unable to send message (not connected to UPM process).
[Package Manager] Cannot connect to Unity Package Manager local server
[Package Manager] Server::EnsureServerProcessIsRunning -- launch failed, reason: Unity was launched with the -noUpm command-line argument
[Package Manager] UpmClient::Send -- Unable to send message (not connected to UPM process).
[Package Manager] Cannot connect to Unity Package Manager local server
- Finished resetting the current domain, in  0.568 seconds
Domain Reload Profiling: 1048ms
	BeginReloadAssembly (70ms)
		ExecutionOrderSort (0ms)
		DisableScriptedObjects (3ms)
		BackupInstance (0ms)
		ReleaseScriptingObjects (0ms)
		CreateAndSetChildDomain (16ms)
	RebuildCommonClasses (20ms)
	RebuildNativeTypeToScriptingClass (7ms)
	initialDomainReloadingComplete (20ms)
	LoadAllAssembliesAndSetupDomain (363ms)
		LoadAssemblies (214ms)
		RebuildTransferFunctionScriptingTraits (0ms)
		AnalyzeDomain (180ms)
			TypeCache.Refresh (155ms)
				TypeCache.ScanAssembly (141ms)
			ScanForSourceGeneratedMonoScriptInfo (16ms)
			ResolveRequiredComponents (9ms)
	FinalizeReload (568ms)
		ReleaseScriptCaches (0ms)
		RebuildScriptCaches (0ms)
		SetupLoadedEditorAssemblies (450ms)
			LogAssemblyErrors (0ms)
			InitializePlatformSupportModulesInManaged (8ms)
			SetLoadedEditorAssemblies (2ms)
			RefreshPlugins (0ms)
			BeforeProcessingInitializeOnLoad (43ms)
			ProcessInitializeOnLoadAttributes (347ms)
			ProcessInitializeOnLoadMethodAttributes (48ms)
			AfterProcessingInitializeOnLoad (1ms)
			EditorAssembliesLoaded (0ms)
		ExecutionOrderSort2 (0ms)
		AwakeInstancesAfterBackupRestoration (2ms)
WARNING: Shader Unsupported: 'Universal Render Pipeline/VR/SpatialMapping/Wireframe' - All subshaders removed
WARNING: Shader Did you use #pragma only_renderers and omit this platform?
WARNING: Shader If subshaders removal was intentional, you may have forgotten turning Fallback off?
WARNING: Shader Unsupported: 'Universal Render Pipeline/VR/SpatialMapping/Wireframe' - All subshaders removed
WARNING: Shader Did you use #pragma only_renderers and omit this platform?
WARNING: Shader If subshaders removal was intentional, you may have forgotten turning Fallback off?
WARNING: Shader Unsupported: 'Hidden/Builtin_TerrainVisualization' - All subshaders removed
WARNING: Shader Did you use #pragma only_renderers and omit this platform?
WARNING: Shader If subshaders removal was intentional, you may have forgotten turning Fallback off?
WARNING: Shader Unsupported: 'Hidden/Builtin_TerrainVisualization' - All subshaders removed
WARNING: Shader Did you use #pragma only_renderers and omit this platform?
WARNING: Shader If subshaders removal was intentional, you may have forgotten turning Fallback off?
Launching external process: /Applications/Unity/Hub/Editor/2022.3.62f2/Unity.app/Contents/Tools/UnityShaderCompiler
Launched and connected shader compiler UnityShaderCompiler after 0.02 seconds
Refreshing native plugins compatible for Editor in 2.41 ms, found 10 plugins.
Preloading 1 native plugins for Editor in 0.20 ms.
Unloading 7669 Unused Serialized files (Serialized files now loaded: 0)
Unloading 134 unused Assets / (2.4 MB). Loaded Objects now: 8145.
Memory consumption went from 311.3 MB to 308.8 MB.
Total: 3.641792 ms (FindLiveObjects: 0.206917 ms CreateObjectMapping: 0.080250 ms MarkObjects: 2.983125 ms  DeleteObjects: 0.370917 ms)

AssetImportParameters requested are different than current active one (requested -> active):
  custom:container-demuxer-ogg: 62fdf1f143b41e24485cea50d1cbac27 -> 
  custom:container-muxer-webm: aa71ff27fc2769a1b78a27578f13a17b -> 
  custom:video-decoder-webm-vp8: 9c59270c3fd7afecdb556c50c9e8de78 -> 
  custom:SearchIndexIgnoredProperties: e643bd26f0fe6173181afceb89e7c659 -> 
  custom:AudioImporter_EditorPlatform: 3918e3fc78b5a79bad01e8451be0beb8 -> 
  custom:audio-decoder-ogg-vorbis: bf7c407c2cedff20999df2af8eb42d56 -> 
  custom:audio-encoder-webm-vorbis: bf7c407c2cedff20999df2af8eb42d56 -> 
  custom:video-decoder-ogg-theora: a1e56fd34408186e4bbccfd4996cb3dc -> 
  custom:CustomObjectIndexerAttribute: 72b91833f83ae208fae7752999fa3104 -> 
  custom:container-demuxer-webm: 4f35f7cbe854078d1ac9338744f61a02 -> 
  custom:framework-osx-AVFoundation: e770b220cccbd017edd2c1fefb359320 -> 
  custom:video-encoder-webm-vp8: eb34c28f22e8b96e1ab97ce403110664 -> 
========================================================================
Received Import Request.
  Time since last request: 8422.749372 seconds.
  path: Assets/POLYART_Ancient Village/Prefabs/PA_BambooHouse_1.prefab
  artifactKey: Guid(8fb3b0705a622c949ab19d8151e272be) Importer(815301076,1909f56bfc062723c751e8b465ee728b)
Start importing Assets/POLYART_Ancient Village/Prefabs/PA_BambooHouse_1.prefab using Guid(8fb3b0705a622c949ab19d8151e272be) Importer(815301076,1909f56bfc062723c751e8b465ee728b) [PhysX] Initialized MultithreadedTaskDispatcher with 11 workers.
[PhysX] Initialized MultithreadedTaskDispatcher with 11 workers.
 -> (artifact id: '3860701447db52e5f79aa526828b27bf') in 0.356109 seconds
Number of updated asset objects reloaded before import = 57
Number of asset objects unloaded after import = 5087
========================================================================
Received Import Request.
  Time since last request: 0.000057 seconds.
  path: Assets/POLYART_Ancient Village/Prefabs/PA_Mountainset1_hill3.prefab
  artifactKey: Guid(5e02c28cda3c5c043a8d1a459a3c56fc) Importer(815301076,1909f56bfc062723c751e8b465ee728b)
Start importing Assets/POLYART_Ancient Village/Prefabs/PA_Mountainset1_hill3.prefab using Guid(5e02c28cda3c5c043a8d1a459a3c56fc) Importer(815301076,1909f56bfc062723c751e8b465ee728b) [PhysX] Initialized MultithreadedTaskDispatcher with 11 workers.
[PhysX] Initialized MultithreadedTaskDispatcher with 11 workers.
 -> (artifact id: '47ba77ac6aed6337483a89dfb41471fc') in 0.145711 seconds
Number of updated asset objects reloaded before import = 0
Number of asset objects unloaded after import = 12
========================================================================
Received Import Request.
  Time since last request: 0.000029 seconds.
  path: Assets/POLYART_Ancient Village/Prefabs/PA_BridgeSet_Pile3.prefab
  artifactKey: Guid(67b99b0457efdfe4e96d052b5023d354) Importer(815301076,1909f56bfc062723c751e8b465ee728b)
Start importing Assets/POLYART_Ancient Village/Prefabs/PA_BridgeSet_Pile3.prefab using Guid(67b99b0457efdfe4e96d052b5023d354) Importer(815301076,1909f56bfc062723c751e8b465ee728b) [PhysX] Initialized MultithreadedTaskDispatcher with 11 workers.
[PhysX] Initialized MultithreadedTaskDispatcher with 11 workers.
 -> (artifact id: '4631ffdc2b08ba54462dacbb120e4421') in 0.007471 seconds
Number of updated asset objects reloaded before import = 0
Number of asset objects unloaded after import = 12
========================================================================
Received Import Request.
  Time since last request: 0.000117 seconds.
  path: Assets/POLYART_Ancient Village/Prefabs/PA_Bridge.prefab
  artifactKey: Guid(89d0c9d688e5cff48a2af0fa160bfd19) Importer(815301076,1909f56bfc062723c751e8b465ee728b)
Start importing Assets/POLYART_Ancient Village/Prefabs/PA_Bridge.prefab using Guid(89d0c9d688e5cff48a2af0fa160bfd19) Importer(815301076,1909f56bfc062723c751e8b465ee728b) [PhysX] Initialized MultithreadedTaskDispatcher with 11 workers.
[PhysX] Initialized MultithreadedTaskDispatcher with 11 workers.
 -> (artifact id: '918f01076fd95b5b6ca41b056da460ac') in 0.121772 seconds
Number of updated asset objects reloaded before import = 0
Number of asset objects unloaded after import = 9073
========================================================================
Received Import Request.
  Time since last request: 0.000041 seconds.
  path: Assets/POLYART_Ancient Village/Prefabs/PA_Mountainset1_hill1.prefab
  artifactKey: Guid(2c4ada107f11c85428cf29b036419497) Importer(815301076,1909f56bfc062723c751e8b465ee728b)
Start importing Assets/POLYART_Ancient Village/Prefabs/PA_Mountainset1_hill1.prefab using Guid(2c4ada107f11c85428cf29b036419497) Importer(815301076,1909f56bfc062723c751e8b465ee728b) [PhysX] Initialized MultithreadedTaskDispatcher with 11 workers.
[PhysX] Initialized MultithreadedTaskDispatcher with 11 workers.
 -> (artifact id: 'e26631ebde105185e6949698de20efee') in 0.010748 seconds
Number of updated asset objects reloaded before import = 0
Number of asset objects unloaded after import = 12
========================================================================
Received Import Request.
  Time since last request: 0.000029 seconds.
  path: Assets/POLYART_Ancient Village/Prefabs/PA_Bambooset2_joint2.prefab
  artifactKey: Guid(072537822f4dbbf4d917cc66f1089efd) Importer(815301076,1909f56bfc062723c751e8b465ee728b)
Start importing Assets/POLYART_Ancient Village/Prefabs/PA_Bambooset2_joint2.prefab using Guid(072537822f4dbbf4d917cc66f1089efd) Importer(815301076,1909f56bfc062723c751e8b465ee728b) [PhysX] Initialized MultithreadedTaskDispatcher with 11 workers.
[PhysX] Initialized MultithreadedTaskDispatcher with 11 workers.
 -> (artifact id: 'f579e4a32327d12e75355686bf41b874') in 0.007209 seconds
Number of updated asset objects reloaded before import = 0
Number of asset objects unloaded after import = 11
========================================================================
Received Import Request.
  Time since last request: 0.000032 seconds.
  path: Assets/POLYART_Ancient Village/Prefabs/PA_BridgeSet_Pile5.prefab
  artifactKey: Guid(414c98c2a0f5ccf4486883e34a1ee095) Importer(815301076,1909f56bfc062723c751e8b465ee728b)
Start importing Assets/POLYART_Ancient Village/Prefabs/PA_BridgeSet_Pile5.prefab using Guid(414c98c2a0f5ccf4486883e34a1ee095) Importer(815301076,1909f56bfc062723c751e8b465ee728b) [PhysX] Initialized MultithreadedTaskDispatcher with 11 workers.
[PhysX] Initialized MultithreadedTaskDispatcher with 11 workers.
 -> (artifact id: 'ae39d6d2d9d760d32716098e49ee70c4') in 0.007633 seconds
Number of updated asset objects reloaded before import = 0
Number of asset objects unloaded after import = 17
========================================================================
Received Import Request.
  Time since last request: 0.000035 seconds.
  path: Assets/POLYART_Ancient Village/Prefabs/PA_Bamboolamp_Set2.prefab
  artifactKey: Guid(7673b3961ce73f04bac27eecf4041fc4) Importer(815301076,1909f56bfc062723c751e8b465ee728b)
Start importing Assets/POLYART_Ancient Village/Prefabs/PA_Bamboolamp_Set2.prefab using Guid(7673b3961ce73f04bac27eecf4041fc4) Importer(815301076,1909f56bfc062723c751e8b465ee728b) [PhysX] Initialized MultithreadedTaskDispatcher with 11 workers.
[PhysX] Initialized MultithreadedTaskDispatcher with 11 workers.
 -> (artifact id: 'b5dea26449428a93b18e1422fc7330fb') in 0.008917 seconds
Number of updated asset objects reloaded before import = 0
Number of asset objects unloaded after import = 23
========================================================================
Received Import Request.
  Time since last request: 0.000044 seconds.
  path: Assets/POLYART_Ancient Village/Prefabs/PA_BridgeSet_Pile1.prefab
  artifactKey: Guid(12e0c419a8782ff44a5dff7f666f311b) Importer(815301076,1909f56bfc062723c751e8b465ee728b)
Start importing Assets/POLYART_Ancient Village/Prefabs/PA_BridgeSet_Pile1.prefab using Guid(12e0c419a8782ff44a5dff7f666f311b) Importer(815301076,1909f56bfc062723c751e8b465ee728b) [PhysX] Initialized MultithreadedTaskDispatcher with 11 workers.
[PhysX] Initialized MultithreadedTaskDispatcher with 11 workers.
 -> (artifact id: 'cede8767d7c0bcb2490e1ef56acc23d8') in 0.005878 seconds
Number of updated asset objects reloaded before import = 0
Number of asset objects unloaded after import = 12
========================================================================
Received Import Request.
  Time since last request: 0.000097 seconds.
  path: Assets/POLYART_Ancient Village/Prefabs/PA_FireassetSet1_Source2.prefab
  artifactKey: Guid(52d1f7f2ddd19f247911c64c34e43d58) Importer(815301076,1909f56bfc062723c751e8b465ee728b)
Start importing Assets/POLYART_Ancient Village/Prefabs/PA_FireassetSet1_Source2.prefab using Guid(52d1f7f2ddd19f247911c64c34e43d58) Importer(815301076,1909f56bfc062723c751e8b465ee728b) [PhysX] Initialized MultithreadedTaskDispatcher with 11 workers.
[PhysX] Initialized MultithreadedTaskDispatcher with 11 workers.
 -> (artifact id: '65afd9ac98abf16b73ad750829ff53d4') in 0.008560 seconds
Number of updated asset objects reloaded before import = 0
Number of asset objects unloaded after import = 12
========================================================================
Received Import Request.
  Time since last request: 0.000029 seconds.
  path: Assets/POLYART_Ancient Village/Prefabs/PA_Bambooset1_Stick2.prefab
  artifactKey: Guid(7ac7d6465006ca24080cfcf8defbdfdd) Importer(815301076,1909f56bfc062723c751e8b465ee728b)
Start importing Assets/POLYART_Ancient Village/Prefabs/PA_Bambooset1_Stick2.prefab using Guid(7ac7d6465006ca24080cfcf8defbdfdd) Importer(815301076,1909f56bfc062723c751e8b465ee728b) [PhysX] Initialized MultithreadedTaskDispatcher with 11 workers.
[PhysX] Initialized MultithreadedTaskDispatcher with 11 workers.
 -> (artifact id: '000683710021945b3e58449b1881d0ae') in 0.006948 seconds
Number of updated asset objects reloaded before import = 0
Number of asset objects unloaded after import = 11
========================================================================
Received Import Request.
  Time since last request: 0.000035 seconds.
  path: Assets/POLYART_Ancient Village/Prefabs/PA_BridgeSet_Pile4.prefab
  artifactKey: Guid(156fa266bf990364a807f84c5530a5ca) Importer(815301076,1909f56bfc062723c751e8b465ee728b)
Start importing Assets/POLYART_Ancient Village/Prefabs/PA_BridgeSet_Pile4.prefab using Guid(156fa266bf990364a807f84c5530a5ca) Importer(815301076,1909f56bfc062723c751e8b465ee728b) [PhysX] Initialized MultithreadedTaskDispatcher with 11 workers.
[PhysX] Initialized MultithreadedTaskDispatcher with 11 workers.
 -> (artifact id: '9a27bcd09226cd569f48560d53653553') in 0.007276 seconds
Number of updated asset objects reloaded before import = 0
Number of asset objects unloaded after import = 12
========================================================================
Received Import Request.
  Time since last request: 36.910193 seconds.
  path: Assets/POLYART_Ancient Village/Prefabs/PA_RockSet1_Pile4.prefab
  artifactKey: Guid(110ab91f45d8a214a8062042ed7b6841) Importer(815301076,1909f56bfc062723c751e8b465ee728b)
Start importing Assets/POLYART_Ancient Village/Prefabs/PA_RockSet1_Pile4.prefab using Guid(110ab91f45d8a214a8062042ed7b6841) Importer(815301076,1909f56bfc062723c751e8b465ee728b) [PhysX] Initialized MultithreadedTaskDispatcher with 11 workers.
[PhysX] Initialized MultithreadedTaskDispatcher with 11 workers.
 -> (artifact id: '0044011d335b5adc4fe0a69f4e33c8ef') in 0.204449 seconds
Number of updated asset objects reloaded before import = 0
Number of asset objects unloaded after import = 11
========================================================================
Received Import Request.
  Time since last request: 0.000047 seconds.
  path: Assets/POLYART_Ancient Village/Prefabs/PA_TreeSet1_Pile11.prefab
  artifactKey: Guid(c07631e61b8f6754685de3cc0f3ff7ef) Importer(815301076,1909f56bfc062723c751e8b465ee728b)
Start importing Assets/POLYART_Ancient Village/Prefabs/PA_TreeSet1_Pile11.prefab using Guid(c07631e61b8f6754685de3cc0f3ff7ef) Importer(815301076,1909f56bfc062723c751e8b465ee728b) [PhysX] Initialized MultithreadedTaskDispatcher with 11 workers.
[PhysX] Initialized MultithreadedTaskDispatcher with 11 workers.
 -> (artifact id: '38f1c04553fcac717b901dd4865c4ec8') in 0.012008 seconds
Number of updated asset objects reloaded before import = 0
Number of asset objects unloaded after import = 11
========================================================================
Received Import Request.
  Time since last request: 0.000038 seconds.
  path: Assets/POLYART_Ancient Village/Prefabs/PA_RockSet1_Pile5.prefab
  artifactKey: Guid(0364b6d6608ccec43a15f0fd7290ccb1) Importer(815301076,1909f56bfc062723c751e8b465ee728b)
Start importing Assets/POLYART_Ancient Village/Prefabs/PA_RockSet1_Pile5.prefab using Guid(0364b6d6608ccec43a15f0fd7290ccb1) Importer(815301076,1909f56bfc062723c751e8b465ee728b) [PhysX] Initialized MultithreadedTaskDispatcher with 11 workers.
[PhysX] Initialized MultithreadedTaskDispatcher with 11 workers.
 -> (artifact id: '79bf2516d0138222f0c8ddee99d2bb76') in 0.007249 seconds
Number of updated asset objects reloaded before import = 0
Number of asset objects unloaded after import = 11
========================================================================
Received Import Request.
  Time since last request: 0.000041 seconds.
  path: Assets/POLYART_Ancient Village/Prefabs/PA_RockSet1_Pile7.prefab
  artifactKey: Guid(bb96a129de5586241a425d6bcf8f1f6f) Importer(815301076,1909f56bfc062723c751e8b465ee728b)
Start importing Assets/POLYART_Ancient Village/Prefabs/PA_RockSet1_Pile7.prefab using Guid(bb96a129de5586241a425d6bcf8f1f6f) Importer(815301076,1909f56bfc062723c751e8b465ee728b) [PhysX] Initialized MultithreadedTaskDispatcher with 11 workers.
[PhysX] Initialized MultithreadedTaskDispatcher with 11 workers.
 -> (artifact id: '901736879a020035ed98a669fc92843f') in 0.008415 seconds
Number of updated asset objects reloaded before import = 0
Number of asset objects unloaded after import = 11
========================================================================
Received Import Request.
  Time since last request: 0.000046 seconds.
  path: Assets/POLYART_Ancient Village/Prefabs/PA_TreeSet1_Pile12.prefab
  artifactKey: Guid(1a7ecdeb83dc4074da160d2d10b1ec53) Importer(815301076,1909f56bfc062723c751e8b465ee728b)
Start importing Assets/POLYART_Ancient Village/Prefabs/PA_TreeSet1_Pile12.prefab using Guid(1a7ecdeb83dc4074da160d2d10b1ec53) Importer(815301076,1909f56bfc062723c751e8b465ee728b) [PhysX] Initialized MultithreadedTaskDispatcher with 11 workers.
[PhysX] Initialized MultithreadedTaskDispatcher with 11 workers.
 -> (artifact id: 'c6342b45cddda91af2f312e9f81fa7c0') in 0.010867 seconds
Number of updated asset objects reloaded before import = 0
Number of asset objects unloaded after import = 12
========================================================================
Received Import Request.
  Time since last request: 127.130688 seconds.
  path: Assets/LowPolyAlienWorld/Terrain.prefab
  artifactKey: Guid(f9b070a0df4bf2941a858f1c29591401) Importer(815301076,1909f56bfc062723c751e8b465ee728b)
Start importing Assets/LowPolyAlienWorld/Terrain.prefab using Guid(f9b070a0df4bf2941a858f1c29591401) Importer(815301076,1909f56bfc062723c751e8b465ee728b) [PhysX] Initialized MultithreadedTaskDispatcher with 11 workers.
[PhysX] Initialized MultithreadedTaskDispatcher with 11 workers.
 -> (artifact id: '04dd9443155fb44af416889e23ad1500') in 0.060922 seconds
Number of updated asset objects reloaded before import = 6
Number of asset objects unloaded after import = 11
========================================================================
Received Import Request.
  Time since last request: 0.000047 seconds.
  path: Assets/LowPolyAlienWorld/Water.prefab
  artifactKey: Guid(3aa58df061019574989fc0e803b8b563) Importer(815301076,1909f56bfc062723c751e8b465ee728b)
Start importing Assets/LowPolyAlienWorld/Water.prefab using Guid(3aa58df061019574989fc0e803b8b563) Importer(815301076,1909f56bfc062723c751e8b465ee728b) [PhysX] Initialized MultithreadedTaskDispatcher with 11 workers.
[PhysX] Initialized MultithreadedTaskDispatcher with 11 workers.
 -> (artifact id: '040f1cda56e3f77655016809dbb3380e') in 0.007522 seconds
Number of updated asset objects reloaded before import = 0
Number of asset objects unloaded after import = 8
========================================================================
Received Import Request.
  Time since last request: 119.950308 seconds.
  path: Assets/3D Gamekit - Environment Pack/Environment/Vegetation/Medium/Prefabs/VegetationMedium02.prefab
  artifactKey: Guid(64245f2599bbf8b4a95df85535a82339) Importer(815301076,1909f56bfc062723c751e8b465ee728b)
Start importing Assets/3D Gamekit - Environment Pack/Environment/Vegetation/Medium/Prefabs/VegetationMedium02.prefab using Guid(64245f2599bbf8b4a95df85535a82339) Importer(815301076,1909f56bfc062723c751e8b465ee728b) [PhysX] Initialized MultithreadedTaskDispatcher with 11 workers.
[PhysX] Initialized MultithreadedTaskDispatcher with 11 workers.
 -> (artifact id: '23000a0499ce4667acd32e6cff020bff') in 0.021423 seconds
Number of updated asset objects reloaded before import = 0
Number of asset objects unloaded after import = 27
========================================================================
Received Import Request.
  Time since last request: 0.000031 seconds.
  path: Assets/3D Gamekit - Environment Pack/Environment/Vegetation/Medium/Prefabs/VegetationMedium05.prefab
  artifactKey: Guid(4335dedff87c91c4aa2397da7cf26b6e) Importer(815301076,1909f56bfc062723c751e8b465ee728b)
Start importing Assets/3D Gamekit - Environment Pack/Environment/Vegetation/Medium/Prefabs/VegetationMedium05.prefab using Guid(4335dedff87c91c4aa2397da7cf26b6e) Importer(815301076,1909f56bfc062723c751e8b465ee728b) [PhysX] Initialized MultithreadedTaskDispatcher with 11 workers.
[PhysX] Initialized MultithreadedTaskDispatcher with 11 workers.
 -> (artifact id: '5cca2f6a557603adf188fcb622b87ce0') in 0.010099 seconds
Number of updated asset objects reloaded before import = 0
Number of asset objects unloaded after import = 26
========================================================================
Received Import Request.
  Time since last request: 0.000033 seconds.
  path: Assets/3D Gamekit - Environment Pack/Environment/Vegetation/Medium/Prefabs/VegetationMedium03_02.prefab
  artifactKey: Guid(ae88933d06b098a4a9631509284f88de) Importer(815301076,1909f56bfc062723c751e8b465ee728b)
Start importing Assets/3D Gamekit - Environment Pack/Environment/Vegetation/Medium/Prefabs/VegetationMedium03_02.prefab using Guid(ae88933d06b098a4a9631509284f88de) Importer(815301076,1909f56bfc062723c751e8b465ee728b) [PhysX] Initialized MultithreadedTaskDispatcher with 11 workers.
[PhysX] Initialized MultithreadedTaskDispatcher with 11 workers.
 -> (artifact id: '7d4f14a1d0c0fe4c5125a3df0ece5889') in 0.009076 seconds
Number of updated asset objects reloaded before import = 0
Number of asset objects unloaded after import = 27
========================================================================
Received Import Request.
  Time since last request: 0.000028 seconds.
  path: Assets/3D Gamekit - Environment Pack/Environment/Vegetation/Medium/Prefabs/VegetationMedium03.prefab
  artifactKey: Guid(bb3b0fdefc75fae47b5f6d32fddbf415) Importer(815301076,1909f56bfc062723c751e8b465ee728b)
Start importing Assets/3D Gamekit - Environment Pack/Environment/Vegetation/Medium/Prefabs/VegetationMedium03.prefab using Guid(bb3b0fdefc75fae47b5f6d32fddbf415) Importer(815301076,1909f56bfc062723c751e8b465ee728b) [PhysX] Initialized MultithreadedTaskDispatcher with 11 workers.
[PhysX] Initialized MultithreadedTaskDispatcher with 11 workers.
 -> (artifact id: '58b8fc410d5d93d7375d1f2ebbf92576') in 0.006694 seconds
Number of updated asset objects reloaded before import = 0
Number of asset objects unloaded after import = 27
========================================================================
Received Import Request.
  Time since last request: 5.441088 seconds.
  path: Assets/3D Gamekit - Environment Pack/Environment/Vegetation/Medium/Materials/VegetationMedium02_Mat.mat
  artifactKey: Guid(fa0793e3c33682d42ab47e6a5c969be0) Importer(815301076,1909f56bfc062723c751e8b465ee728b)
Start importing Assets/3D Gamekit - Environment Pack/Environment/Vegetation/Medium/Materials/VegetationMedium02_Mat.mat using Guid(fa0793e3c33682d42ab47e6a5c969be0) Importer(815301076,1909f56bfc062723c751e8b465ee728b) [PhysX] Initialized MultithreadedTaskDispatcher with 11 workers.
[PhysX] Initialized MultithreadedTaskDispatcher with 11 workers.
 -> (artifact id: '09ba367896d95bc6e5203e49d791eaac') in 0.036262 seconds
Number of updated asset objects reloaded before import = 0
Number of asset objects unloaded after import = 7
========================================================================
Received Import Request.
  Time since last request: 0.000039 seconds.
  path: Assets/3D Gamekit - Environment Pack/Environment/Vegetation/Medium/Materials/VegetationMedium05_Mat.mat
  artifactKey: Guid(aa387c8d5aebdc64392b021db5d2471a) Importer(815301076,1909f56bfc062723c751e8b465ee728b)
Start importing Assets/3D Gamekit - Environment Pack/Environment/Vegetation/Medium/Materials/VegetationMedium05_Mat.mat using Guid(aa387c8d5aebdc64392b021db5d2471a) Importer(815301076,1909f56bfc062723c751e8b465ee728b) [PhysX] Initialized MultithreadedTaskDispatcher with 11 workers.
[PhysX] Initialized MultithreadedTaskDispatcher with 11 workers.
 -> (artifact id: '4a30df5337e9ee3195544aa529b0f28d') in 0.006752 seconds
Number of updated asset objects reloaded before import = 0
Number of asset objects unloaded after import = 6
========================================================================
Received Import Request.
  Time since last request: 4.264956 seconds.
  path: Assets/3D Gamekit - Environment Pack/Environment/Vegetation/Medium/Models/VegetationMedium02.fbx
  artifactKey: Guid(518ed587d1152cc45bd20aa8f7b3578e) Importer(815301076,1909f56bfc062723c751e8b465ee728b)
Start importing Assets/3D Gamekit - Environment Pack/Environment/Vegetation/Medium/Models/VegetationMedium02.fbx using Guid(518ed587d1152cc45bd20aa8f7b3578e) Importer(815301076,1909f56bfc062723c751e8b465ee728b) [PhysX] Initialized MultithreadedTaskDispatcher with 11 workers.
[PhysX] Initialized MultithreadedTaskDispatcher with 11 workers.
[PhysX] Initialized MultithreadedTaskDispatcher with 11 workers.
[PhysX] Initialized MultithreadedTaskDispatcher with 11 workers.
[PhysX] Initialized MultithreadedTaskDispatcher with 11 workers.
[PhysX] Initialized MultithreadedTaskDispatcher with 11 workers.
[PhysX] Initialized MultithreadedTaskDispatcher with 11 workers.
[PhysX] Initialized MultithreadedTaskDispatcher with 11 workers.
 -> (artifact id: 'dc2c9b5a568fbadd2829f3ad069761d5') in 0.046470 seconds
Number of updated asset objects reloaded before import = 0
Number of asset objects unloaded after import = 27
========================================================================
Received Import Request.
  Time since last request: 0.000051 seconds.
  path: Assets/3D Gamekit - Environment Pack/Environment/Vegetation/Medium/Models/VegetationMedium05.fbx
  artifactKey: Guid(4e6d935ac5b6b8c43a7c623bec3f9d0d) Importer(815301076,1909f56bfc062723c751e8b465ee728b)
Start importing Assets/3D Gamekit - Environment Pack/Environment/Vegetation/Medium/Models/VegetationMedium05.fbx using Guid(4e6d935ac5b6b8c43a7c623bec3f9d0d) Importer(815301076,1909f56bfc062723c751e8b465ee728b) [PhysX] Initialized MultithreadedTaskDispatcher with 11 workers.
[PhysX] Initialized MultithreadedTaskDispatcher with 11 workers.
[PhysX] Initialized MultithreadedTaskDispatcher with 11 workers.
[PhysX] Initialized MultithreadedTaskDispatcher with 11 workers.
[PhysX] Initialized MultithreadedTaskDispatcher with 11 workers.
[PhysX] Initialized MultithreadedTaskDispatcher with 11 workers.
[PhysX] Initialized MultithreadedTaskDispatcher with 11 workers.
[PhysX] Initialized MultithreadedTaskDispatcher with 11 workers.
 -> (artifact id: '710c1195790bac4608a7746a22a0d679') in 0.019131 seconds
Number of updated asset objects reloaded before import = 0
Number of asset objects unloaded after import = 26
========================================================================
Received Import Request.
  Time since last request: 0.000030 seconds.
  path: Assets/3D Gamekit - Environment Pack/Environment/Vegetation/Medium/Models/VegetationMedium04_02.fbx
  artifactKey: Guid(d6fbdfad7dffcb44182ff67dbe3bdbba) Importer(815301076,1909f56bfc062723c751e8b465ee728b)
Start importing Assets/3D Gamekit - Environment Pack/Environment/Vegetation/Medium/Models/VegetationMedium04_02.fbx using Guid(d6fbdfad7dffcb44182ff67dbe3bdbba) Importer(815301076,1909f56bfc062723c751e8b465ee728b) [PhysX] Initialized MultithreadedTaskDispatcher with 11 workers.
[PhysX] Initialized MultithreadedTaskDispatcher with 11 workers.
[PhysX] Initialized MultithreadedTaskDispatcher with 11 workers.
[PhysX] Initialized MultithreadedTaskDispatcher with 11 workers.
[PhysX] Initialized MultithreadedTaskDispatcher with 11 workers.
[PhysX] Initialized MultithreadedTaskDispatcher with 11 workers.
[PhysX] Initialized MultithreadedTaskDispatcher with 11 workers.
[PhysX] Initialized MultithreadedTaskDispatcher with 11 workers.
 -> (artifact id: 'cb11cb9c10415786209cc560086efb47') in 0.019122 seconds
Number of updated asset objects reloaded before import = 0
Number of asset objects unloaded after import = 27
========================================================================
Received Import Request.
  Time since last request: 0.000032 seconds.
  path: Assets/3D Gamekit - Environment Pack/Environment/Vegetation/Medium/Models/VegetationMedium02_02.fbx
  artifactKey: Guid(694d4c8cb17042b469027db61e6a82f5) Importer(815301076,1909f56bfc062723c751e8b465ee728b)
Start importing Assets/3D Gamekit - Environment Pack/Environment/Vegetation/Medium/Models/VegetationMedium02_02.fbx using Guid(694d4c8cb17042b469027db61e6a82f5) Importer(815301076,1909f56bfc062723c751e8b465ee728b) [PhysX] Initialized MultithreadedTaskDispatcher with 11 workers.
[PhysX] Initialized MultithreadedTaskDispatcher with 11 workers.
[PhysX] Initialized MultithreadedTaskDispatcher with 11 workers.
[PhysX] Initialized MultithreadedTaskDispatcher with 11 workers.
[PhysX] Initialized MultithreadedTaskDispatcher with 11 workers.
[PhysX] Initialized MultithreadedTaskDispatcher with 11 workers.
[PhysX] Initialized MultithreadedTaskDispatcher with 11 workers.
[PhysX] Initialized MultithreadedTaskDispatcher with 11 workers.
 -> (artifact id: '21bd60be88e66a55cd8b75c133b96b44') in 0.018493 seconds
Number of updated asset objects reloaded before import = 0
Number of asset objects unloaded after import = 27
========================================================================
Received Import Request.
  Time since last request: 5.060720 seconds.
  path: Assets/3D Gamekit - Environment Pack/Environment/Rocks/Materials/RockFloating02_Mat.mat
  artifactKey: Guid(3b01d315743ae97459ca3d3bd461e4be) Importer(815301076,1909f56bfc062723c751e8b465ee728b)
Start importing Assets/3D Gamekit - Environment Pack/Environment/Rocks/Materials/RockFloating02_Mat.mat using Guid(3b01d315743ae97459ca3d3bd461e4be) Importer(815301076,1909f56bfc062723c751e8b465ee728b) [PhysX] Initialized MultithreadedTaskDispatcher with 11 workers.
[PhysX] Initialized MultithreadedTaskDispatcher with 11 workers.
 -> (artifact id: '34ad48d09001023acc72831a8ff41119') in 0.015573 seconds
Number of updated asset objects reloaded before import = 0
Number of asset objects unloaded after import = 6
========================================================================
Received Import Request.
  Time since last request: 0.000030 seconds.
  path: Assets/3D Gamekit - Environment Pack/Environment/Rocks/Materials/RockFloating04_Mat.mat
  artifactKey: Guid(3ef81e43f26c03a48a716c889d201861) Importer(815301076,1909f56bfc062723c751e8b465ee728b)
Start importing Assets/3D Gamekit - Environment Pack/Environment/Rocks/Materials/RockFloating04_Mat.mat using Guid(3ef81e43f26c03a48a716c889d201861) Importer(815301076,1909f56bfc062723c751e8b465ee728b) [PhysX] Initialized MultithreadedTaskDispatcher with 11 workers.
[PhysX] Initialized MultithreadedTaskDispatcher with 11 workers.
 -> (artifact id: '3cd919d33a7fd0eb8457db018ff3158f') in 0.009143 seconds
Number of updated asset objects reloaded before import = 0
Number of asset objects unloaded after import = 6
========================================================================
Received Import Request.
  Time since last request: 0.000144 seconds.
  path: Assets/3D Gamekit - Environment Pack/Environment/Rocks/Materials/SmallRocks_mat.mat
  artifactKey: Guid(24b3cf5e007db204db421522f1ec1592) Importer(815301076,1909f56bfc062723c751e8b465ee728b)
Start importing Assets/3D Gamekit - Environment Pack/Environment/Rocks/Materials/SmallRocks_mat.mat using Guid(24b3cf5e007db204db421522f1ec1592) Importer(815301076,1909f56bfc062723c751e8b465ee728b) [PhysX] Initialized MultithreadedTaskDispatcher with 11 workers.
[PhysX] Initialized MultithreadedTaskDispatcher with 11 workers.
 -> (artifact id: 'a68eca659681f4733f746377609a4214') in 0.005029 seconds
Number of updated asset objects reloaded before import = 0
Number of asset objects unloaded after import = 5
========================================================================
Received Import Request.
  Time since last request: 7.963387 seconds.
  path: Assets/3D Gamekit - Environment Pack/Environment/Rocks/Models/RockFloating02.fbx
  artifactKey: Guid(28deb9f2de69da84a8b4690810e91ebb) Importer(815301076,1909f56bfc062723c751e8b465ee728b)
Start importing Assets/3D Gamekit - Environment Pack/Environment/Rocks/Models/RockFloating02.fbx using Guid(28deb9f2de69da84a8b4690810e91ebb) Importer(815301076,1909f56bfc062723c751e8b465ee728b) [PhysX] Initialized MultithreadedTaskDispatcher with 11 workers.
[PhysX] Initialized MultithreadedTaskDispatcher with 11 workers.
[PhysX] Initialized MultithreadedTaskDispatcher with 11 workers.
[PhysX] Initialized MultithreadedTaskDispatcher with 11 workers.
[PhysX] Initialized MultithreadedTaskDispatcher with 11 workers.
[PhysX] Initialized MultithreadedTaskDispatcher with 11 workers.
[PhysX] Initialized MultithreadedTaskDispatcher with 11 workers.
[PhysX] Initialized MultithreadedTaskDispatcher with 11 workers.
 -> (artifact id: '2cd1998ad8c8456682d09ed11c602af0') in 0.030913 seconds
Number of updated asset objects reloaded before import = 0
Number of asset objects unloaded after import = 26
========================================================================
Received Import Request.
  Time since last request: 0.000066 seconds.
  path: Assets/3D Gamekit - Environment Pack/Environment/Rocks/Models/RockFloating03.fbx
  artifactKey: Guid(ee66908065bbfd749bae2cde22f0ad46) Importer(815301076,1909f56bfc062723c751e8b465ee728b)
Start importing Assets/3D Gamekit - Environment Pack/Environment/Rocks/Models/RockFloating03.fbx using Guid(ee66908065bbfd749bae2cde22f0ad46) Importer(815301076,1909f56bfc062723c751e8b465ee728b) [PhysX] Initialized MultithreadedTaskDispatcher with 11 workers.
[PhysX] Initialized MultithreadedTaskDispatcher with 11 workers.
[PhysX] Initialized MultithreadedTaskDispatcher with 11 workers.
[PhysX] Initialized MultithreadedTaskDispatcher with 11 workers.
[PhysX] Initialized MultithreadedTaskDispatcher with 11 workers.
[PhysX] Initialized MultithreadedTaskDispatcher with 11 workers.
[PhysX] Initialized MultithreadedTaskDispatcher with 11 workers.
[PhysX] Initialized MultithreadedTaskDispatcher with 11 workers.
 -> (artifact id: 'afc4804d2baecb9fdfaf44dcf16099fe') in 0.026539 seconds
Number of updated asset objects reloaded before import = 0
Number of asset objects unloaded after import = 26
========================================================================
Received Import Request.
  Time since last request: 0.000042 seconds.
  path: Assets/3D Gamekit - Environment Pack/Environment/Rocks/Models/SmallRock02.fbx
  artifactKey: Guid(fef53f08537c45b45b13802e05610943) Importer(815301076,1909f56bfc062723c751e8b465ee728b)
Start importing Assets/3D Gamekit - Environment Pack/Environment/Rocks/Models/SmallRock02.fbx using Guid(fef53f08537c45b45b13802e05610943) Importer(815301076,1909f56bfc062723c751e8b465ee728b) [PhysX] Initialized MultithreadedTaskDispatcher with 11 workers.
[PhysX] Initialized MultithreadedTaskDispatcher with 11 workers.
[PhysX] Initialized MultithreadedTaskDispatcher with 11 workers.
 -> (artifact id: '63013ffcdeaefc4962776fc273311578') in 0.008696 seconds
Number of updated asset objects reloaded before import = 0
Number of asset objects unloaded after import = 12
========================================================================
Received Import Request.
  Time since last request: 0.000031 seconds.
  path: Assets/3D Gamekit - Environment Pack/Environment/Rocks/Models/SmallRock01.fbx
  artifactKey: Guid(716aa1302ba12d04289cac00ae054a73) Importer(815301076,1909f56bfc062723c751e8b465ee728b)
Start importing Assets/3D Gamekit - Environment Pack/Environment/Rocks/Models/SmallRock01.fbx using Guid(716aa1302ba12d04289cac00ae054a73) Importer(815301076,1909f56bfc062723c751e8b465ee728b) [PhysX] Initialized MultithreadedTaskDispatcher with 11 workers.
[PhysX] Initialized MultithreadedTaskDispatcher with 11 workers.
[PhysX] Initialized MultithreadedTaskDispatcher with 11 workers.
 -> (artifact id: '93d45f5659f778a5da0292602686d0db') in 0.008381 seconds
Number of updated asset objects reloaded before import = 0
Number of asset objects unloaded after import = 12
========================================================================
Received Import Request.
  Time since last request: 19.756557 seconds.
  path: Assets/3D Gamekit - Environment Pack/Environment/Rocks/Models/RockFloating02.fbx
  artifactKey: Guid(28deb9f2de69da84a8b4690810e91ebb) Importer(815301076,1909f56bfc062723c751e8b465ee728b)
Start importing Assets/3D Gamekit - Environment Pack/Environment/Rocks/Models/RockFloating02.fbx using Guid(28deb9f2de69da84a8b4690810e91ebb) Importer(815301076,1909f56bfc062723c751e8b465ee728b) [PhysX] Initialized MultithreadedTaskDispatcher with 11 workers.
[PhysX] Initialized MultithreadedTaskDispatcher with 11 workers.
[PhysX] Initialized MultithreadedTaskDispatcher with 11 workers.
[PhysX] Initialized MultithreadedTaskDispatcher with 11 workers.
[PhysX] Initialized MultithreadedTaskDispatcher with 11 workers.
[PhysX] Initialized MultithreadedTaskDispatcher with 11 workers.
[PhysX] Initialized MultithreadedTaskDispatcher with 11 workers.
[PhysX] Initialized MultithreadedTaskDispatcher with 11 workers.
 -> (artifact id: 'bd82f1b540e5279a0e22fdfd0f5dab4e') in 0.035063 seconds
Number of updated asset objects reloaded before import = 0
Number of asset objects unloaded after import = 26
========================================================================
Received Import Request.
  Time since last request: 0.000124 seconds.
  path: Assets/3D Gamekit - Environment Pack/Environment/Rocks/Models/RockFloating03.fbx
  artifactKey: Guid(ee66908065bbfd749bae2cde22f0ad46) Importer(815301076,1909f56bfc062723c751e8b465ee728b)
Start importing Assets/3D Gamekit - Environment Pack/Environment/Rocks/Models/RockFloating03.fbx using Guid(ee66908065bbfd749bae2cde22f0ad46) Importer(815301076,1909f56bfc062723c751e8b465ee728b) [PhysX] Initialized MultithreadedTaskDispatcher with 11 workers.
[PhysX] Initialized MultithreadedTaskDispatcher with 11 workers.
[PhysX] Initialized MultithreadedTaskDispatcher with 11 workers.
[PhysX] Initialized MultithreadedTaskDispatcher with 11 workers.
[PhysX] Initialized MultithreadedTaskDispatcher with 11 workers.
[PhysX] Initialized MultithreadedTaskDispatcher with 11 workers.
[PhysX] Initialized MultithreadedTaskDispatcher with 11 workers.
[PhysX] Initialized MultithreadedTaskDispatcher with 11 workers.
 -> (artifact id: 'aff1301349adda980a6ac21e472a70e5') in 0.023512 seconds
Number of updated asset objects reloaded before import = 0
Number of asset objects unloaded after import = 26
========================================================================
Received Import Request.
  Time since last request: 0.000039 seconds.
  path: Assets/3D Gamekit - Environment Pack/Environment/Rocks/Models/SmallRock02.fbx
  artifactKey: Guid(fef53f08537c45b45b13802e05610943) Importer(815301076,1909f56bfc062723c751e8b465ee728b)
Start importing Assets/3D Gamekit - Environment Pack/Environment/Rocks/Models/SmallRock02.fbx using Guid(fef53f08537c45b45b13802e05610943) Importer(815301076,1909f56bfc062723c751e8b465ee728b) [PhysX] Initialized MultithreadedTaskDispatcher with 11 workers.
[PhysX] Initialized MultithreadedTaskDispatcher with 11 workers.
[PhysX] Initialized MultithreadedTaskDispatcher with 11 workers.
 -> (artifact id: '68ab05bfd40e45029aea7034f826828d') in 0.007866 seconds
Number of updated asset objects reloaded before import = 0
Number of asset objects unloaded after import = 12
========================================================================
Received Import Request.
  Time since last request: 0.432953 seconds.
  path: Assets/3D Gamekit - Environment Pack/Environment/Rocks/Materials/RockFloating02_Mat.mat
  artifactKey: Guid(3b01d315743ae97459ca3d3bd461e4be) Importer(815301076,1909f56bfc062723c751e8b465ee728b)
Start importing Assets/3D Gamekit - Environment Pack/Environment/Rocks/Materials/RockFloating02_Mat.mat using Guid(3b01d315743ae97459ca3d3bd461e4be) Importer(815301076,1909f56bfc062723c751e8b465ee728b) [PhysX] Initialized MultithreadedTaskDispatcher with 11 workers.
[PhysX] Initialized MultithreadedTaskDispatcher with 11 workers.
 -> (artifact id: 'aaaadd5894339fb529d527e79e0e8f9e') in 0.009323 seconds
Number of updated asset objects reloaded before import = 0
Number of asset objects unloaded after import = 6
========================================================================
Received Import Request.
  Time since last request: 0.000037 seconds.
  path: Assets/3D Gamekit - Environment Pack/Environment/Rocks/Materials/RockFloating03_Mat.mat
  artifactKey: Guid(2a8b76488fd1340459de8f96ea4eb868) Importer(815301076,1909f56bfc062723c751e8b465ee728b)
Start importing Assets/3D Gamekit - Environment Pack/Environment/Rocks/Materials/RockFloating03_Mat.mat using Guid(2a8b76488fd1340459de8f96ea4eb868) Importer(815301076,1909f56bfc062723c751e8b465ee728b) [PhysX] Initialized MultithreadedTaskDispatcher with 11 workers.
[PhysX] Initialized MultithreadedTaskDispatcher with 11 workers.
 -> (artifact id: 'fec672815565d456fae5db3b21f757f9') in 0.006700 seconds
Number of updated asset objects reloaded before import = 0
Number of asset objects unloaded after import = 6
========================================================================
Received Import Request.
  Time since last request: 0.000135 seconds.
  path: Assets/3D Gamekit - Environment Pack/Environment/Rocks/Materials/SmallRocks_mat.mat
  artifactKey: Guid(24b3cf5e007db204db421522f1ec1592) Importer(815301076,1909f56bfc062723c751e8b465ee728b)
Start importing Assets/3D Gamekit - Environment Pack/Environment/Rocks/Materials/SmallRocks_mat.mat using Guid(24b3cf5e007db204db421522f1ec1592) Importer(815301076,1909f56bfc062723c751e8b465ee728b) [PhysX] Initialized MultithreadedTaskDispatcher with 11 workers.
[PhysX] Initialized MultithreadedTaskDispatcher with 11 workers.
 -> (artifact id: '30858ba27dff5a3550b1e2f20ceb82a3') in 0.004832 seconds
Number of updated asset objects reloaded before import = 0
Number of asset objects unloaded after import = 5
========================================================================
Received Import Request.
  Time since last request: 5.789632 seconds.
  path: Assets/LowPolyAlienWorld/Materials/Water.mat
  artifactKey: Guid(b3b2e292d961d604c9f7cdec47119a71) Importer(815301076,1909f56bfc062723c751e8b465ee728b)
Start importing Assets/LowPolyAlienWorld/Materials/Water.mat using Guid(b3b2e292d961d604c9f7cdec47119a71) Importer(815301076,1909f56bfc062723c751e8b465ee728b) [PhysX] Initialized MultithreadedTaskDispatcher with 11 workers.
[PhysX] Initialized MultithreadedTaskDispatcher with 11 workers.
 -> (artifact id: 'ff08a8bb866f24eab20c01141520b4fe') in 0.012101 seconds
Number of updated asset objects reloaded before import = 0
Number of asset objects unloaded after import = 2
========================================================================
Received Import Request.
  Time since last request: 61.615025 seconds.
  path: Assets/LowPolyAlienWorld/Water.prefab
  artifactKey: Guid(3aa58df061019574989fc0e803b8b563) Importer(815301076,1909f56bfc062723c751e8b465ee728b)
Start importing Assets/LowPolyAlienWorld/Water.prefab using Guid(3aa58df061019574989fc0e803b8b563) Importer(815301076,1909f56bfc062723c751e8b465ee728b) [PhysX] Initialized MultithreadedTaskDispatcher with 11 workers.
[PhysX] Initialized MultithreadedTaskDispatcher with 11 workers.
 -> (artifact id: '1f7d3a029a4dd57d980e5f4b24fe1696') in 0.014346 seconds
Number of updated asset objects reloaded before import = 0
Number of asset objects unloaded after import = 8
========================================================================
Received Prepare
Caller must complete domain reload
Begin MonoManager ReloadAssembly
Thread 0x335a47000 may have been prematurely finalized
- Loaded All Assemblies, in  0.336 seconds
Native extension for WindowsStandalone target not found
Native extension for Android target not found
Native extension for OSXStandalone target not found
[Package Manager] Server::EnsureServerProcessIsRunning -- launch failed, reason: Unity was launched with the -noUpm command-line argument
[Package Manager] UpmClient::Send -- Unable to send message (not connected to UPM process).
[Package Manager] Cannot connect to Unity Package Manager local server
Mono: successfully reloaded assembly
[Package Manager] Server::EnsureServerProcessIsRunning -- launch failed, reason: Unity was launched with the -noUpm command-line argument
[Package Manager] UpmClient::Send -- Unable to send message (not connected to UPM process).
[Package Manager] Cannot connect to Unity Package Manager local server
- Finished resetting the current domain, in  1.243 seconds
Domain Reload Profiling: 1579ms
	BeginReloadAssembly (117ms)
		ExecutionOrderSort (0ms)
		DisableScriptedObjects (8ms)
		BackupInstance (0ms)
		ReleaseScriptingObjects (0ms)
		CreateAndSetChildDomain (53ms)
	RebuildCommonClasses (19ms)
	RebuildNativeTypeToScriptingClass (7ms)
	initialDomainReloadingComplete (14ms)
	LoadAllAssembliesAndSetupDomain (179ms)
		LoadAssemblies (159ms)
		RebuildTransferFunctionScriptingTraits (0ms)
		AnalyzeDomain (46ms)
			TypeCache.Refresh (10ms)
				TypeCache.ScanAssembly (1ms)
			ScanForSourceGeneratedMonoScriptInfo (26ms)
			ResolveRequiredComponents (9ms)
	FinalizeReload (1243ms)
		ReleaseScriptCaches (0ms)
		RebuildScriptCaches (0ms)
		SetupLoadedEditorAssemblies (432ms)
			LogAssemblyErrors (0ms)
			InitializePlatformSupportModulesInManaged (8ms)
			SetLoadedEditorAssemblies (2ms)
			RefreshPlugins (0ms)
			BeforeProcessingInitializeOnLoad (45ms)
			ProcessInitializeOnLoadAttributes (335ms)
			ProcessInitializeOnLoadMethodAttributes (41ms)
			AfterProcessingInitializeOnLoad (1ms)
			EditorAssembliesLoaded (0ms)
		ExecutionOrderSort2 (0ms)
		AwakeInstancesAfterBackupRestoration (5ms)
WARNING: Shader Unsupported: 'Universal Render Pipeline/VR/SpatialMapping/Wireframe' - All subshaders removed
WARNING: Shader Did you use #pragma only_renderers and omit this platform?
WARNING: Shader If subshaders removal was intentional, you may have forgotten turning Fallback off?
WARNING: Shader Unsupported: 'Universal Render Pipeline/VR/SpatialMapping/Wireframe' - All subshaders removed
WARNING: Shader Did you use #pragma only_renderers and omit this platform?
WARNING: Shader If subshaders removal was intentional, you may have forgotten turning Fallback off?
WARNING: Shader Unsupported: 'Hidden/Builtin_TerrainVisualization' - All subshaders removed
WARNING: Shader Did you use #pragma only_renderers and omit this platform?
WARNING: Shader If subshaders removal was intentional, you may have forgotten turning Fallback off?
WARNING: Shader Unsupported: 'Hidden/Builtin_TerrainVisualization' - All subshaders removed
WARNING: Shader Did you use #pragma only_renderers and omit this platform?
WARNING: Shader If subshaders removal was intentional, you may have forgotten turning Fallback off?
Refreshing native plugins compatible for Editor in 3.25 ms, found 10 plugins.
Preloading 1 native plugins for Editor in 0.22 ms.
Unloading 7484 Unused Serialized files (Serialized files now loaded: 0)
Unloading 122 unused Assets / (2.7 MB). Loaded Objects now: 8235.
Memory consumption went from 282.8 MB to 280.0 MB.
Total: 3.351083 ms (FindLiveObjects: 0.230000 ms CreateObjectMapping: 0.079000 ms MarkObjects: 2.628583 ms  DeleteObjects: 0.413125 ms)

Prepare: number of updated asset objects reloaded= 0
AssetImportParameters requested are different than current active one (requested -> active):
  custom:container-demuxer-ogg: 62fdf1f143b41e24485cea50d1cbac27 -> 
  custom:container-muxer-webm: aa71ff27fc2769a1b78a27578f13a17b -> 
  custom:video-decoder-webm-vp8: 9c59270c3fd7afecdb556c50c9e8de78 -> 
  custom:SearchIndexIgnoredProperties: e643bd26f0fe6173181afceb89e7c659 -> 
  custom:AudioImporter_EditorPlatform: 3918e3fc78b5a79bad01e8451be0beb8 -> 
  custom:audio-decoder-ogg-vorbis: bf7c407c2cedff20999df2af8eb42d56 -> 
  custom:audio-encoder-webm-vorbis: bf7c407c2cedff20999df2af8eb42d56 -> 
  custom:scripting/precompiled-assembly-types:Assembly-CSharp: f66e664b162c0cd71454ddac9b10ec22 -> 35862a69284a1edea795022ab5dfd0f4
  custom:video-decoder-ogg-theora: a1e56fd34408186e4bbccfd4996cb3dc -> 
  custom:CustomObjectIndexerAttribute: 72b91833f83ae208fae7752999fa3104 -> 
  custom:container-demuxer-webm: 4f35f7cbe854078d1ac9338744f61a02 -> 
  custom:framework-osx-AVFoundation: e770b220cccbd017edd2c1fefb359320 -> 
  custom:video-encoder-webm-vp8: eb34c28f22e8b96e1ab97ce403110664 -> 
========================================================================
Received Prepare
Caller must complete domain reload
Begin MonoManager ReloadAssembly
Thread 0x16f173000 may have been prematurely finalized
- Loaded All Assemblies, in  0.297 seconds
Native extension for WindowsStandalone target not found
Native extension for Android target not found
Native extension for OSXStandalone target not found
[Package Manager] Server::EnsureServerProcessIsRunning -- launch failed, reason: Unity was launched with the -noUpm command-line argument
[Package Manager] UpmClient::Send -- Unable to send message (not connected to UPM process).
[Package Manager] Cannot connect to Unity Package Manager local server
Mono: successfully reloaded assembly
[Package Manager] Server::EnsureServerProcessIsRunning -- launch failed, reason: Unity was launched with the -noUpm command-line argument
[Package Manager] UpmClient::Send -- Unable to send message (not connected to UPM process).
[Package Manager] Cannot connect to Unity Package Manager local server
- Finished resetting the current domain, in  1.269 seconds
Domain Reload Profiling: 1566ms
	BeginReloadAssembly (83ms)
		ExecutionOrderSort (0ms)
		DisableScriptedObjects (2ms)
		BackupInstance (0ms)
		ReleaseScriptingObjects (0ms)
		CreateAndSetChildDomain (33ms)
	RebuildCommonClasses (19ms)
	RebuildNativeTypeToScriptingClass (7ms)
	initialDomainReloadingComplete (10ms)
	LoadAllAssembliesAndSetupDomain (179ms)
		LoadAssemblies (182ms)
		RebuildTransferFunctionScriptingTraits (0ms)
		AnalyzeDomain (22ms)
			TypeCache.Refresh (7ms)
				TypeCache.ScanAssembly (0ms)
			ScanForSourceGeneratedMonoScriptInfo (0ms)
			ResolveRequiredComponents (10ms)
	FinalizeReload (1269ms)
		ReleaseScriptCaches (0ms)
		RebuildScriptCaches (0ms)
		SetupLoadedEditorAssemblies (433ms)
			LogAssemblyErrors (0ms)
			InitializePlatformSupportModulesInManaged (8ms)
			SetLoadedEditorAssemblies (4ms)
			RefreshPlugins (0ms)
			BeforeProcessingInitializeOnLoad (43ms)
			ProcessInitializeOnLoadAttributes (338ms)
			ProcessInitializeOnLoadMethodAttributes (40ms)
			AfterProcessingInitializeOnLoad (1ms)
			EditorAssembliesLoaded (0ms)
		ExecutionOrderSort2 (0ms)
		AwakeInstancesAfterBackupRestoration (4ms)
WARNING: Shader Unsupported: 'Universal Render Pipeline/VR/SpatialMapping/Wireframe' - All subshaders removed
WARNING: Shader Did you use #pragma only_renderers and omit this platform?
WARNING: Shader If subshaders removal was intentional, you may have forgotten turning Fallback off?
WARNING: Shader Unsupported: 'Universal Render Pipeline/VR/SpatialMapping/Wireframe' - All subshaders removed
WARNING: Shader Did you use #pragma only_renderers and omit this platform?
WARNING: Shader If subshaders removal was intentional, you may have forgotten turning Fallback off?
WARNING: Shader Unsupported: 'Hidden/Builtin_TerrainVisualization' - All subshaders removed
WARNING: Shader Did you use #pragma only_renderers and omit this platform?
WARNING: Shader If subshaders removal was intentional, you may have forgotten turning Fallback off?
WARNING: Shader Unsupported: 'Hidden/Builtin_TerrainVisualization' - All subshaders removed
WARNING: Shader Did you use #pragma only_renderers and omit this platform?
WARNING: Shader If subshaders removal was intentional, you may have forgotten turning Fallback off?
Refreshing native plugins compatible for Editor in 3.05 ms, found 10 plugins.
Preloading 1 native plugins for Editor in 0.25 ms.
Unloading 7484 Unused Serialized files (Serialized files now loaded: 0)
Unloading 102 unused Assets / (2.7 MB). Loaded Objects now: 8253.
Memory consumption went from 289.2 MB to 286.5 MB.
Total: 4.503333 ms (FindLiveObjects: 0.301167 ms CreateObjectMapping: 0.086916 ms MarkObjects: 3.508042 ms  DeleteObjects: 0.606291 ms)

Prepare: number of updated asset objects reloaded= 0
AssetImportParameters requested are different than current active one (requested -> active):
  custom:container-demuxer-ogg: 62fdf1f143b41e24485cea50d1cbac27 -> 
  custom:container-muxer-webm: aa71ff27fc2769a1b78a27578f13a17b -> 
  custom:video-decoder-webm-vp8: 9c59270c3fd7afecdb556c50c9e8de78 -> 
  custom:SearchIndexIgnoredProperties: e643bd26f0fe6173181afceb89e7c659 -> 
  custom:AudioImporter_EditorPlatform: 3918e3fc78b5a79bad01e8451be0beb8 -> 
  custom:audio-decoder-ogg-vorbis: bf7c407c2cedff20999df2af8eb42d56 -> 
  custom:audio-encoder-webm-vorbis: bf7c407c2cedff20999df2af8eb42d56 -> 
  custom:scripting/precompiled-assembly-types:Assembly-CSharp: f66e664b162c0cd71454ddac9b10ec22 -> 35862a69284a1edea795022ab5dfd0f4
  custom:video-decoder-ogg-theora: a1e56fd34408186e4bbccfd4996cb3dc -> 
  custom:CustomObjectIndexerAttribute: 72b91833f83ae208fae7752999fa3104 -> 
  custom:container-demuxer-webm: 4f35f7cbe854078d1ac9338744f61a02 -> 
  custom:framework-osx-AVFoundation: e770b220cccbd017edd2c1fefb359320 -> 
  custom:video-encoder-webm-vp8: eb34c28f22e8b96e1ab97ce403110664 -> 
========================================================================
Received Import Request.
  Time since last request: 332.924375 seconds.
  path: Assets/3D Gamekit - Environment Pack/Environment/Vegetation/Small/Materials/VegetationSmall01_MidGlow.mat
  artifactKey: Guid(d376df56b7d6a0d48b993388bd197827) Importer(815301076,1909f56bfc062723c751e8b465ee728b)
Start importing Assets/3D Gamekit - Environment Pack/Environment/Vegetation/Small/Materials/VegetationSmall01_MidGlow.mat using Guid(d376df56b7d6a0d48b993388bd197827) Importer(815301076,1909f56bfc062723c751e8b465ee728b) [PhysX] Initialized MultithreadedTaskDispatcher with 11 workers.
[PhysX] Initialized MultithreadedTaskDispatcher with 11 workers.
 -> (artifact id: 'd80cc18c554744a2a9e91bb2390ca7af') in 0.201644 seconds
Number of updated asset objects reloaded before import = 0
Number of asset objects unloaded after import = 23
========================================================================
Received Import Request.
  Time since last request: 103.928611 seconds.
  path: Assets/3D Gamekit - Environment Pack/Environment/Vegetation/Medium/Prefabs/VegetationMedium02.prefab
  artifactKey: Guid(64245f2599bbf8b4a95df85535a82339) Importer(815301076,1909f56bfc062723c751e8b465ee728b)
Start importing Assets/3D Gamekit - Environment Pack/Environment/Vegetation/Medium/Prefabs/VegetationMedium02.prefab using Guid(64245f2599bbf8b4a95df85535a82339) Importer(815301076,1909f56bfc062723c751e8b465ee728b) [PhysX] Initialized MultithreadedTaskDispatcher with 11 workers.
[PhysX] Initialized MultithreadedTaskDispatcher with 11 workers.
 -> (artifact id: 'e8b6e8478e90f28be7812fcca2718d95') in 0.033612 seconds
Number of updated asset objects reloaded before import = 0
Number of asset objects unloaded after import = 27
========================================================================
Received Import Request.
  Time since last request: 0.000028 seconds.
  path: Assets/3D Gamekit - Environment Pack/Environment/Vegetation/Medium/Prefabs/VegetationMedium05.prefab
  artifactKey: Guid(4335dedff87c91c4aa2397da7cf26b6e) Importer(815301076,1909f56bfc062723c751e8b465ee728b)
Start importing Assets/3D Gamekit - Environment Pack/Environment/Vegetation/Medium/Prefabs/VegetationMedium05.prefab using Guid(4335dedff87c91c4aa2397da7cf26b6e) Importer(815301076,1909f56bfc062723c751e8b465ee728b) [PhysX] Initialized MultithreadedTaskDispatcher with 11 workers.
[PhysX] Initialized MultithreadedTaskDispatcher with 11 workers.
 -> (artifact id: 'eaff9e87c0fb0e4a5a557a0e21fab350') in 0.007210 seconds
Number of updated asset objects reloaded before import = 0
Number of asset objects unloaded after import = 26
========================================================================
Received Import Request.
  Time since last request: 0.000027 seconds.
  path: Assets/3D Gamekit - Environment Pack/Environment/Vegetation/Medium/Prefabs/VegetationMedium03_02.prefab
  artifactKey: Guid(ae88933d06b098a4a9631509284f88de) Importer(815301076,1909f56bfc062723c751e8b465ee728b)
Start importing Assets/3D Gamekit - Environment Pack/Environment/Vegetation/Medium/Prefabs/VegetationMedium03_02.prefab using Guid(ae88933d06b098a4a9631509284f88de) Importer(815301076,1909f56bfc062723c751e8b465ee728b) [PhysX] Initialized MultithreadedTaskDispatcher with 11 workers.
[PhysX] Initialized MultithreadedTaskDispatcher with 11 workers.
 -> (artifact id: 'ed19bcb080f08cbbc97fe422562a94c5') in 0.007883 seconds
Number of updated asset objects reloaded before import = 0
Number of asset objects unloaded after import = 27
========================================================================
Received Import Request.
  Time since last request: 0.000029 seconds.
  path: Assets/3D Gamekit - Environment Pack/Environment/Vegetation/Medium/Prefabs/VegetationMedium03.prefab
  artifactKey: Guid(bb3b0fdefc75fae47b5f6d32fddbf415) Importer(815301076,1909f56bfc062723c751e8b465ee728b)
Start importing Assets/3D Gamekit - Environment Pack/Environment/Vegetation/Medium/Prefabs/VegetationMedium03.prefab using Guid(bb3b0fdefc75fae47b5f6d32fddbf415) Importer(815301076,1909f56bfc062723c751e8b465ee728b) [PhysX] Initialized MultithreadedTaskDispatcher with 11 workers.
[PhysX] Initialized MultithreadedTaskDispatcher with 11 workers.
 -> (artifact id: 'b9b0b0c6e4d1dbb2d656d596a351b80c') in 0.006583 seconds
Number of updated asset objects reloaded before import = 0
Number of asset objects unloaded after import = 27
========================================================================
Received Import Request.
  Time since last request: 10.826524 seconds.
  path: Assets/3D Gamekit - Environment Pack/Environment/Vegetation/Large/Prefabs/VegetationLarge01_02.prefab
  artifactKey: Guid(7bc15f8ed2c28684492c30d11068928e) Importer(815301076,1909f56bfc062723c751e8b465ee728b)
Start importing Assets/3D Gamekit - Environment Pack/Environment/Vegetation/Large/Prefabs/VegetationLarge01_02.prefab using Guid(7bc15f8ed2c28684492c30d11068928e) Importer(815301076,1909f56bfc062723c751e8b465ee728b) [PhysX] Initialized MultithreadedTaskDispatcher with 11 workers.
[PhysX] Initialized MultithreadedTaskDispatcher with 11 workers.
 -> (artifact id: '6744efb0584ae88cfa5a46a2ff655c7c') in 0.020418 seconds
Number of updated asset objects reloaded before import = 0
Number of asset objects unloaded after import = 26
========================================================================
Received Import Request.
  Time since last request: 0.000055 seconds.
  path: Assets/3D Gamekit - Environment Pack/Environment/Vegetation/Large/Prefabs/VegetationLarge06.prefab
  artifactKey: Guid(5700a799dc8c0ff42ae93ef52986c997) Importer(815301076,1909f56bfc062723c751e8b465ee728b)
Start importing Assets/3D Gamekit - Environment Pack/Environment/Vegetation/Large/Prefabs/VegetationLarge06.prefab using Guid(5700a799dc8c0ff42ae93ef52986c997) Importer(815301076,1909f56bfc062723c751e8b465ee728b) [PhysX] Initialized MultithreadedTaskDispatcher with 11 workers.
[PhysX] Initialized MultithreadedTaskDispatcher with 11 workers.
 -> (artifact id: '99032ad8590c81d01760b5de9b6c9874') in 0.014610 seconds
Number of updated asset objects reloaded before import = 0
Number of asset objects unloaded after import = 27
========================================================================
Received Import Request.
  Time since last request: 0.000029 seconds.
  path: Assets/3D Gamekit - Environment Pack/Environment/Vegetation/Large/Prefabs/VegetationLarge07.prefab
  artifactKey: Guid(bcf2814cdb09f4c4b8f6f27937fb62b3) Importer(815301076,1909f56bfc062723c751e8b465ee728b)
Start importing Assets/3D Gamekit - Environment Pack/Environment/Vegetation/Large/Prefabs/VegetationLarge07.prefab using Guid(bcf2814cdb09f4c4b8f6f27937fb62b3) Importer(815301076,1909f56bfc062723c751e8b465ee728b) [PhysX] Initialized MultithreadedTaskDispatcher with 11 workers.
[PhysX] Initialized MultithreadedTaskDispatcher with 11 workers.
 -> (artifact id: '06c3a028b49600d55223f8a0d9efd222') in 0.034684 seconds
Number of updated asset objects reloaded before import = 0
Number of asset objects unloaded after import = 28
========================================================================
Received Import Request.
  Time since last request: 0.000031 seconds.
  path: Assets/3D Gamekit - Environment Pack/Environment/Vegetation/Large/Prefabs/VegetationLarge03_02.prefab
  artifactKey: Guid(9baaa9687d7865c48ac44d147f6d1dfd) Importer(815301076,1909f56bfc062723c751e8b465ee728b)
Start importing Assets/3D Gamekit - Environment Pack/Environment/Vegetation/Large/Prefabs/VegetationLarge03_02.prefab using Guid(9baaa9687d7865c48ac44d147f6d1dfd) Importer(815301076,1909f56bfc062723c751e8b465ee728b) [PhysX] Initialized MultithreadedTaskDispatcher with 11 workers.
[PhysX] Initialized MultithreadedTaskDispatcher with 11 workers.
 -> (artifact id: '8c80febaa7551d434284f26dc8ba6fe9') in 0.018409 seconds
Number of updated asset objects reloaded before import = 0
Number of asset objects unloaded after import = 26
========================================================================
Received Import Request.
  Time since last request: 0.000047 seconds.
  path: Assets/3D Gamekit - Environment Pack/Environment/Vegetation/Large/Prefabs/VegetationLarge02.prefab
  artifactKey: Guid(0353402b5deef664aa72d22af41b5625) Importer(815301076,1909f56bfc062723c751e8b465ee728b)
Start importing Assets/3D Gamekit - Environment Pack/Environment/Vegetation/Large/Prefabs/VegetationLarge02.prefab using Guid(0353402b5deef664aa72d22af41b5625) Importer(815301076,1909f56bfc062723c751e8b465ee728b) [PhysX] Initialized MultithreadedTaskDispatcher with 11 workers.
[PhysX] Initialized MultithreadedTaskDispatcher with 11 workers.
 -> (artifact id: 'd43befeaea5713739f98af8c10f3ab5b') in 0.013197 seconds
Number of updated asset objects reloaded before import = 0
Number of asset objects unloaded after import = 26
========================================================================
Received Import Request.
  Time since last request: 1.619103 seconds.
  path: Assets/3D Gamekit - Environment Pack/Environment/Vegetation/Large/Models/VegetationLarge01_02.fbx
  artifactKey: Guid(f19200800740c5549b0e845fc0a9bc4d) Importer(815301076,1909f56bfc062723c751e8b465ee728b)
Start importing Assets/3D Gamekit - Environment Pack/Environment/Vegetation/Large/Models/VegetationLarge01_02.fbx using Guid(f19200800740c5549b0e845fc0a9bc4d) Importer(815301076,1909f56bfc062723c751e8b465ee728b) [PhysX] Initialized MultithreadedTaskDispatcher with 11 workers.
[PhysX] Initialized MultithreadedTaskDispatcher with 11 workers.
[PhysX] Initialized MultithreadedTaskDispatcher with 11 workers.
[PhysX] Initialized MultithreadedTaskDispatcher with 11 workers.
[PhysX] Initialized MultithreadedTaskDispatcher with 11 workers.
[PhysX] Initialized MultithreadedTaskDispatcher with 11 workers.
[PhysX] Initialized MultithreadedTaskDispatcher with 11 workers.
[PhysX] Initialized MultithreadedTaskDispatcher with 11 workers.
 -> (artifact id: 'd129ed64af7925a7fb90e73eaf0222cb') in 0.036797 seconds
Number of updated asset objects reloaded before import = 0
Number of asset objects unloaded after import = 26
========================================================================
Received Import Request.
  Time since last request: 0.000036 seconds.
  path: Assets/3D Gamekit - Environment Pack/Environment/Vegetation/Large/Models/VegetationLarge06.fbx
  artifactKey: Guid(80322bf1c46281b42b1197ea37d48332) Importer(815301076,1909f56bfc062723c751e8b465ee728b)
Start importing Assets/3D Gamekit - Environment Pack/Environment/Vegetation/Large/Models/VegetationLarge06.fbx using Guid(80322bf1c46281b42b1197ea37d48332) Importer(815301076,1909f56bfc062723c751e8b465ee728b) [PhysX] Initialized MultithreadedTaskDispatcher with 11 workers.
[PhysX] Initialized MultithreadedTaskDispatcher with 11 workers.
[PhysX] Initialized MultithreadedTaskDispatcher with 11 workers.
[PhysX] Initialized MultithreadedTaskDispatcher with 11 workers.
[PhysX] Initialized MultithreadedTaskDispatcher with 11 workers.
[PhysX] Initialized MultithreadedTaskDispatcher with 11 workers.
[PhysX] Initialized MultithreadedTaskDispatcher with 11 workers.
[PhysX] Initialized MultithreadedTaskDispatcher with 11 workers.
 -> (artifact id: 'ebad6ae8f236356a44e95f972181430b') in 0.029250 seconds
Number of updated asset objects reloaded before import = 0
Number of asset objects unloaded after import = 27
========================================================================
Received Import Request.
  Time since last request: 0.000097 seconds.
  path: Assets/3D Gamekit - Environment Pack/Environment/Vegetation/Large/Models/VegetationLarge03.fbx
  artifactKey: Guid(963d66c7000d793448bc1424962886ab) Importer(815301076,1909f56bfc062723c751e8b465ee728b)
Start importing Assets/3D Gamekit - Environment Pack/Environment/Vegetation/Large/Models/VegetationLarge03.fbx using Guid(963d66c7000d793448bc1424962886ab) Importer(815301076,1909f56bfc062723c751e8b465ee728b) [PhysX] Initialized MultithreadedTaskDispatcher with 11 workers.
[PhysX] Initialized MultithreadedTaskDispatcher with 11 workers.
[PhysX] Initialized MultithreadedTaskDispatcher with 11 workers.
[PhysX] Initialized MultithreadedTaskDispatcher with 11 workers.
[PhysX] Initialized MultithreadedTaskDispatcher with 11 workers.
[PhysX] Initialized MultithreadedTaskDispatcher with 11 workers.
[PhysX] Initialized MultithreadedTaskDispatcher with 11 workers.
[PhysX] Initialized MultithreadedTaskDispatcher with 11 workers.
 -> (artifact id: 'a0f67fb82cc97a128fff8901d3a10150') in 0.029029 seconds
Number of updated asset objects reloaded before import = 0
Number of asset objects unloaded after import = 26
========================================================================
Received Import Request.
  Time since last request: 0.000088 seconds.
  path: Assets/3D Gamekit - Environment Pack/Environment/Vegetation/Large/Models/VegetationLarge05_02.fbx
  artifactKey: Guid(48e9b3f8587ad7e46afa325dad953978) Importer(815301076,1909f56bfc062723c751e8b465ee728b)
Start importing Assets/3D Gamekit - Environment Pack/Environment/Vegetation/Large/Models/VegetationLarge05_02.fbx using Guid(48e9b3f8587ad7e46afa325dad953978) Importer(815301076,1909f56bfc062723c751e8b465ee728b) [PhysX] Initialized MultithreadedTaskDispatcher with 11 workers.
[PhysX] Initialized MultithreadedTaskDispatcher with 11 workers.
[PhysX] Initialized MultithreadedTaskDispatcher with 11 workers.
[PhysX] Initialized MultithreadedTaskDispatcher with 11 workers.
[PhysX] Initialized MultithreadedTaskDispatcher with 11 workers.
[PhysX] Initialized MultithreadedTaskDispatcher with 11 workers.
[PhysX] Initialized MultithreadedTaskDispatcher with 11 workers.
[PhysX] Initialized MultithreadedTaskDispatcher with 11 workers.
 -> (artifact id: '30d020391e82e718457ca9f1b7305fae') in 0.026711 seconds
Number of updated asset objects reloaded before import = 0
Number of asset objects unloaded after import = 26
========================================================================
Received Import Request.
  Time since last request: 0.000089 seconds.
  path: Assets/3D Gamekit - Environment Pack/Environment/Vegetation/Large/Models/VegetationLarge05.fbx
  artifactKey: Guid(d64fd6a0931b7a34389216abb957525d) Importer(815301076,1909f56bfc062723c751e8b465ee728b)
Start importing Assets/3D Gamekit - Environment Pack/Environment/Vegetation/Large/Models/VegetationLarge05.fbx using Guid(d64fd6a0931b7a34389216abb957525d) Importer(815301076,1909f56bfc062723c751e8b465ee728b) [PhysX] Initialized MultithreadedTaskDispatcher with 11 workers.
[PhysX] Initialized MultithreadedTaskDispatcher with 11 workers.
[PhysX] Initialized MultithreadedTaskDispatcher with 11 workers.
[PhysX] Initialized MultithreadedTaskDispatcher with 11 workers.
[PhysX] Initialized MultithreadedTaskDispatcher with 11 workers.
[PhysX] Initialized MultithreadedTaskDispatcher with 11 workers.
[PhysX] Initialized MultithreadedTaskDispatcher with 11 workers.
[PhysX] Initialized MultithreadedTaskDispatcher with 11 workers.
 -> (artifact id: '5b394b113cdf90b8b341839416ce4cd6') in 0.026954 seconds
Number of updated asset objects reloaded before import = 0
Number of asset objects unloaded after import = 26
========================================================================
Received Import Request.
  Time since last request: 0.711934 seconds.
  path: Assets/3D Gamekit - Environment Pack/Environment/Vegetation/Large/Materials/VegetationLarge02_Mat.mat
  artifactKey: Guid(eb3b7fbde3d6cbe469c673216b4cd274) Importer(815301076,1909f56bfc062723c751e8b465ee728b)
Start importing Assets/3D Gamekit - Environment Pack/Environment/Vegetation/Large/Materials/VegetationLarge02_Mat.mat using Guid(eb3b7fbde3d6cbe469c673216b4cd274) Importer(815301076,1909f56bfc062723c751e8b465ee728b) [PhysX] Initialized MultithreadedTaskDispatcher with 11 workers.
[PhysX] Initialized MultithreadedTaskDispatcher with 11 workers.
 -> (artifact id: 'be1bd5ebecd9ba2cc14a5273386d31ab') in 0.008602 seconds
Number of updated asset objects reloaded before import = 0
Number of asset objects unloaded after import = 6
========================================================================
Received Import Request.
  Time since last request: 0.000130 seconds.
  path: Assets/3D Gamekit - Environment Pack/Environment/Vegetation/Large/Materials/VegetationLarge03_Mat.mat
  artifactKey: Guid(fa36871593e539b49b6b2a691b8237d2) Importer(815301076,1909f56bfc062723c751e8b465ee728b)
Start importing Assets/3D Gamekit - Environment Pack/Environment/Vegetation/Large/Materials/VegetationLarge03_Mat.mat using Guid(fa36871593e539b49b6b2a691b8237d2) Importer(815301076,1909f56bfc062723c751e8b465ee728b) [PhysX] Initialized MultithreadedTaskDispatcher with 11 workers.
[PhysX] Initialized MultithreadedTaskDispatcher with 11 workers.
 -> (artifact id: 'd306a9144c7fd2409446df9e0decff75') in 0.015672 seconds
Number of updated asset objects reloaded before import = 0
Number of asset objects unloaded after import = 6
========================================================================
Received Import Request.
  Time since last request: 0.000403 seconds.
  path: Assets/3D Gamekit - Environment Pack/Environment/Vegetation/Large/Materials/VegetationLarge05_Mat.mat
  artifactKey: Guid(205bc242ff2fee443a22e249009d9c41) Importer(815301076,1909f56bfc062723c751e8b465ee728b)
Start importing Assets/3D Gamekit - Environment Pack/Environment/Vegetation/Large/Materials/VegetationLarge05_Mat.mat using Guid(205bc242ff2fee443a22e249009d9c41) Importer(815301076,1909f56bfc062723c751e8b465ee728b) [PhysX] Initialized MultithreadedTaskDispatcher with 11 workers.
[PhysX] Initialized MultithreadedTaskDispatcher with 11 workers.
 -> (artifact id: '5b3957b2cfa558e5cbaea021b3d27b11') in 0.012856 seconds
Number of updated asset objects reloaded before import = 0
Number of asset objects unloaded after import = 6
========================================================================
Received Import Request.
  Time since last request: 0.000053 seconds.
  path: Assets/3D Gamekit - Environment Pack/Environment/Vegetation/Large/Materials/VegetationLarge04_Mat.mat
  artifactKey: Guid(619565ea3e5275b40b150c832fc06191) Importer(815301076,1909f56bfc062723c751e8b465ee728b)
Start importing Assets/3D Gamekit - Environment Pack/Environment/Vegetation/Large/Materials/VegetationLarge04_Mat.mat using Guid(619565ea3e5275b40b150c832fc06191) Importer(815301076,1909f56bfc062723c751e8b465ee728b) [PhysX] Initialized MultithreadedTaskDispatcher with 11 workers.
[PhysX] Initialized MultithreadedTaskDispatcher with 11 workers.
 -> (artifact id: '76ab490e2b397f03a287eb57588ccbe5') in 0.008004 seconds
Number of updated asset objects reloaded before import = 0
Number of asset objects unloaded after import = 6
========================================================================
Received Import Request.
  Time since last request: 100.720631 seconds.
  path: Assets/3D Gamekit - Environment Pack/Environment/Vegetation/Large/Prefabs/VegetationLarge01_02.prefab
  artifactKey: Guid(7bc15f8ed2c28684492c30d11068928e) Importer(815301076,1909f56bfc062723c751e8b465ee728b)
Start importing Assets/3D Gamekit - Environment Pack/Environment/Vegetation/Large/Prefabs/VegetationLarge01_02.prefab using Guid(7bc15f8ed2c28684492c30d11068928e) Importer(815301076,1909f56bfc062723c751e8b465ee728b) [PhysX] Initialized MultithreadedTaskDispatcher with 11 workers.
[PhysX] Initialized MultithreadedTaskDispatcher with 11 workers.
 -> (artifact id: 'eb53a2e10e91fab00d749d8b2357c60a') in 0.019847 seconds
Number of updated asset objects reloaded before import = 0
Number of asset objects unloaded after import = 26
========================================================================
Received Import Request.
  Time since last request: 0.000029 seconds.
  path: Assets/3D Gamekit - Environment Pack/Environment/Vegetation/Large/Prefabs/VegetationLarge06.prefab
  artifactKey: Guid(5700a799dc8c0ff42ae93ef52986c997) Importer(815301076,1909f56bfc062723c751e8b465ee728b)
Start importing Assets/3D Gamekit - Environment Pack/Environment/Vegetation/Large/Prefabs/VegetationLarge06.prefab using Guid(5700a799dc8c0ff42ae93ef52986c997) Importer(815301076,1909f56bfc062723c751e8b465ee728b) [PhysX] Initialized MultithreadedTaskDispatcher with 11 workers.
[PhysX] Initialized MultithreadedTaskDispatcher with 11 workers.
 -> (artifact id: '5aade300abeef2a726c7b5ad3c0c683a') in 0.014685 seconds
Number of updated asset objects reloaded before import = 0
Number of asset objects unloaded after import = 27
========================================================================
Received Import Request.
  Time since last request: 0.000083 seconds.
  path: Assets/3D Gamekit - Environment Pack/Environment/Vegetation/Large/Prefabs/VegetationLarge05_02.prefab
  artifactKey: Guid(a5b5e10ddd6d4e14c92d088b73af1dfa) Importer(815301076,1909f56bfc062723c751e8b465ee728b)
Start importing Assets/3D Gamekit - Environment Pack/Environment/Vegetation/Large/Prefabs/VegetationLarge05_02.prefab using Guid(a5b5e10ddd6d4e14c92d088b73af1dfa) Importer(815301076,1909f56bfc062723c751e8b465ee728b) [PhysX] Initialized MultithreadedTaskDispatcher with 11 workers.
[PhysX] Initialized MultithreadedTaskDispatcher with 11 workers.
 -> (artifact id: '3fe3e66b1fe05f86108aaf202cd11570') in 0.016649 seconds
Number of updated asset objects reloaded before import = 0
Number of asset objects unloaded after import = 26
========================================================================
Received Import Request.
  Time since last request: 0.000027 seconds.
  path: Assets/3D Gamekit - Environment Pack/Environment/Vegetation/Large/Prefabs/VegetationLarge03_02.prefab
  artifactKey: Guid(9baaa9687d7865c48ac44d147f6d1dfd) Importer(815301076,1909f56bfc062723c751e8b465ee728b)
Start importing Assets/3D Gamekit - Environment Pack/Environment/Vegetation/Large/Prefabs/VegetationLarge03_02.prefab using Guid(9baaa9687d7865c48ac44d147f6d1dfd) Importer(815301076,1909f56bfc062723c751e8b465ee728b) [PhysX] Initialized MultithreadedTaskDispatcher with 11 workers.
[PhysX] Initialized MultithreadedTaskDispatcher with 11 workers.
 -> (artifact id: '0d70f4fb75c2c4a50582ee685df62b37') in 0.012254 seconds
Number of updated asset objects reloaded before import = 0
Number of asset objects unloaded after import = 26
========================================================================
Received Import Request.
  Time since last request: 0.000026 seconds.
  path: Assets/3D Gamekit - Environment Pack/Environment/Vegetation/Large/Prefabs/VegetationLarge05.prefab
  artifactKey: Guid(f08e5ea660670054a986fe368e4ae5ce) Importer(815301076,1909f56bfc062723c751e8b465ee728b)
Start importing Assets/3D Gamekit - Environment Pack/Environment/Vegetation/Large/Prefabs/VegetationLarge05.prefab using Guid(f08e5ea660670054a986fe368e4ae5ce) Importer(815301076,1909f56bfc062723c751e8b465ee728b) [PhysX] Initialized MultithreadedTaskDispatcher with 11 workers.
[PhysX] Initialized MultithreadedTaskDispatcher with 11 workers.
 -> (artifact id: 'd5ee7a31594641715f1d8911ac46490d') in 0.010407 seconds
Number of updated asset objects reloaded before import = 0
Number of asset objects unloaded after import = 26
========================================================================
Received Import Request.
  Time since last request: 1013.842723 seconds.
  path: Assets/3D Gamekit - Environment Pack/Environment/Vegetation/Medium/Models/VegetationMedium02.fbx
  artifactKey: Guid(518ed587d1152cc45bd20aa8f7b3578e) Importer(815301076,1909f56bfc062723c751e8b465ee728b)
Start importing Assets/3D Gamekit - Environment Pack/Environment/Vegetation/Medium/Models/VegetationMedium02.fbx using Guid(518ed587d1152cc45bd20aa8f7b3578e) Importer(815301076,1909f56bfc062723c751e8b465ee728b) [PhysX] Initialized MultithreadedTaskDispatcher with 11 workers.
[PhysX] Initialized MultithreadedTaskDispatcher with 11 workers.
[PhysX] Initialized MultithreadedTaskDispatcher with 11 workers.
[PhysX] Initialized MultithreadedTaskDispatcher with 11 workers.
[PhysX] Initialized MultithreadedTaskDispatcher with 11 workers.
[PhysX] Initialized MultithreadedTaskDispatcher with 11 workers.
[PhysX] Initialized MultithreadedTaskDispatcher with 11 workers.
[PhysX] Initialized MultithreadedTaskDispatcher with 11 workers.
 -> (artifact id: 'f7fe9adeb36e10e000a2ca52c7932c6e') in 0.051518 seconds
Number of updated asset objects reloaded before import = 0
Number of asset objects unloaded after import = 27
========================================================================
Received Import Request.
  Time since last request: 0.000065 seconds.
  path: Assets/3D Gamekit - Environment Pack/Environment/Vegetation/Medium/Models/VegetationMedium05.fbx
  artifactKey: Guid(4e6d935ac5b6b8c43a7c623bec3f9d0d) Importer(815301076,1909f56bfc062723c751e8b465ee728b)
Start importing Assets/3D Gamekit - Environment Pack/Environment/Vegetation/Medium/Models/VegetationMedium05.fbx using Guid(4e6d935ac5b6b8c43a7c623bec3f9d0d) Importer(815301076,1909f56bfc062723c751e8b465ee728b) [PhysX] Initialized MultithreadedTaskDispatcher with 11 workers.
[PhysX] Initialized MultithreadedTaskDispatcher with 11 workers.
[PhysX] Initialized MultithreadedTaskDispatcher with 11 workers.
[PhysX] Initialized MultithreadedTaskDispatcher with 11 workers.
[PhysX] Initialized MultithreadedTaskDispatcher with 11 workers.
[PhysX] Initialized MultithreadedTaskDispatcher with 11 workers.
[PhysX] Initialized MultithreadedTaskDispatcher with 11 workers.
[PhysX] Initialized MultithreadedTaskDispatcher with 11 workers.
 -> (artifact id: '858fbcba29e82ff822b9ffc24bff1d49') in 0.039339 seconds
Number of updated asset objects reloaded before import = 0
Number of asset objects unloaded after import = 26
========================================================================
Received Import Request.
  Time since last request: 0.000141 seconds.
  path: Assets/3D Gamekit - Environment Pack/Environment/Vegetation/Medium/Models/VegetationMedium04.fbx
  artifactKey: Guid(9ad0ee2e631896b49a1c0a73b7d815b5) Importer(815301076,1909f56bfc062723c751e8b465ee728b)
Start importing Assets/3D Gamekit - Environment Pack/Environment/Vegetation/Medium/Models/VegetationMedium04.fbx using Guid(9ad0ee2e631896b49a1c0a73b7d815b5) Importer(815301076,1909f56bfc062723c751e8b465ee728b) [PhysX] Initialized MultithreadedTaskDispatcher with 11 workers.
[PhysX] Initialized MultithreadedTaskDispatcher with 11 workers.
[PhysX] Initialized MultithreadedTaskDispatcher with 11 workers.
[PhysX] Initialized MultithreadedTaskDispatcher with 11 workers.
[PhysX] Initialized MultithreadedTaskDispatcher with 11 workers.
[PhysX] Initialized MultithreadedTaskDispatcher with 11 workers.
[PhysX] Initialized MultithreadedTaskDispatcher with 11 workers.
[PhysX] Initialized MultithreadedTaskDispatcher with 11 workers.
 -> (artifact id: '3880b2e63b93e30ce4ca971eae0dcc1c') in 0.026508 seconds
Number of updated asset objects reloaded before import = 0
Number of asset objects unloaded after import = 27
========================================================================
Received Import Request.
  Time since last request: 0.000039 seconds.
  path: Assets/3D Gamekit - Environment Pack/Environment/Vegetation/Medium/Models/VegetationMedium03_02.fbx
  artifactKey: Guid(fd7e1f66388801742b0428f9455766b8) Importer(815301076,1909f56bfc062723c751e8b465ee728b)
Start importing Assets/3D Gamekit - Environment Pack/Environment/Vegetation/Medium/Models/VegetationMedium03_02.fbx using Guid(fd7e1f66388801742b0428f9455766b8) Importer(815301076,1909f56bfc062723c751e8b465ee728b) [PhysX] Initialized MultithreadedTaskDispatcher with 11 workers.
[PhysX] Initialized MultithreadedTaskDispatcher with 11 workers.
[PhysX] Initialized MultithreadedTaskDispatcher with 11 workers.
[PhysX] Initialized MultithreadedTaskDispatcher with 11 workers.
[PhysX] Initialized MultithreadedTaskDispatcher with 11 workers.
[PhysX] Initialized MultithreadedTaskDispatcher with 11 workers.
[PhysX] Initialized MultithreadedTaskDispatcher with 11 workers.
[PhysX] Initialized MultithreadedTaskDispatcher with 11 workers.
 -> (artifact id: '74699fe42c2085b7b7ff39a5bd5d97eb') in 0.026495 seconds
Number of updated asset objects reloaded before import = 0
Number of asset objects unloaded after import = 27
========================================================================
Received Import Request.
  Time since last request: 358.512242 seconds.
  path: Assets/3D Gamekit - Environment Pack/Environment/Vegetation/Misc/Prefabs/FungusClump.prefab
  artifactKey: Guid(81b4025e3db9d12459931282e4dee5c9) Importer(815301076,1909f56bfc062723c751e8b465ee728b)
Start importing Assets/3D Gamekit - Environment Pack/Environment/Vegetation/Misc/Prefabs/FungusClump.prefab using Guid(81b4025e3db9d12459931282e4dee5c9) Importer(815301076,1909f56bfc062723c751e8b465ee728b) [PhysX] Initialized MultithreadedTaskDispatcher with 11 workers.
[PhysX] Initialized MultithreadedTaskDispatcher with 11 workers.
 -> (artifact id: '269ce83c6bd987f1e9622a449fba25c5') in 0.027665 seconds
Number of updated asset objects reloaded before import = 0
Number of asset objects unloaded after import = 14
========================================================================
Received Import Request.
  Time since last request: 0.000058 seconds.
  path: Assets/3D Gamekit - Environment Pack/Environment/Vegetation/Misc/Prefabs/HangingVine.prefab
  artifactKey: Guid(d9a624152bf5ba74db9f393c9a30714d) Importer(815301076,1909f56bfc062723c751e8b465ee728b)
Start importing Assets/3D Gamekit - Environment Pack/Environment/Vegetation/Misc/Prefabs/HangingVine.prefab using Guid(d9a624152bf5ba74db9f393c9a30714d) Importer(815301076,1909f56bfc062723c751e8b465ee728b) [PhysX] Initialized MultithreadedTaskDispatcher with 11 workers.
[PhysX] Initialized MultithreadedTaskDispatcher with 11 workers.
 -> (artifact id: 'c4b8a1ec36b97978319cdcd8b52e68fb') in 0.028852 seconds
Number of updated asset objects reloaded before import = 0
Number of asset objects unloaded after import = 13
========================================================================
Received Import Request.
  Time since last request: 0.000037 seconds.
  path: Assets/3D Gamekit - Environment Pack/Environment/Vegetation/Misc/Prefabs/HangingVine2.prefab
  artifactKey: Guid(eb24b71eaeb67ab448729d79b84035ad) Importer(815301076,1909f56bfc062723c751e8b465ee728b)
Start importing Assets/3D Gamekit - Environment Pack/Environment/Vegetation/Misc/Prefabs/HangingVine2.prefab using Guid(eb24b71eaeb67ab448729d79b84035ad) Importer(815301076,1909f56bfc062723c751e8b465ee728b) [PhysX] Initialized MultithreadedTaskDispatcher with 11 workers.
[PhysX] Initialized MultithreadedTaskDispatcher with 11 workers.
 -> (artifact id: '9b2184f56f9e4f8503af7ce0a4265813') in 0.008372 seconds
Number of updated asset objects reloaded before import = 0
Number of asset objects unloaded after import = 13
